#
# There is insufficient memory for the Java Runtime Environment to continue.
# Native memory allocation (malloc) failed to allocate 1072496 bytes for Chunk::new
# Possible reasons:
#   The system is out of physical RAM or swap space
#   The process is running with CompressedOops enabled, and the Java Heap may be blocking the growth of the native heap
# Possible solutions:
#   Reduce memory load on the system
#   Increase physical memory or swap space
#   Check if swap backing store is full
#   Decrease Java heap size (-Xmx/-Xms)
#   Decrease number of Java threads
#   Decrease Java thread stack sizes (-Xss)
#   Set larger code cache with -XX:ReservedCodeCacheSize=
#   JVM is running with Unscaled Compressed Oops mode in which the Java heap is
#     placed in the first 4GB address space. The Java Heap base address is the
#     maximum limit for the native heap growth. Please use -XX:HeapBaseMinAddress
#     to set the Java Heap base and to place the Java Heap above 4GB virtual address.
# This output file may be truncated or incomplete.
#
#  Out of Memory Error (arena.cpp:189), pid=4576, tid=10388
#
# JRE version: OpenJDK Runtime Environment (17.0.7) (build 17.0.7+0-b2043.56-10550314)
# Java VM: OpenJDK 64-Bit Server VM (17.0.7+0-b2043.56-10550314, mixed mode, tiered, compressed oops, compressed class ptrs, g1 gc, windows-amd64)
# No core dump will be written. Minidumps are not enabled by default on client versions of Windows
#

---------------  S U M M A R Y ------------

Command Line: --add-opens=java.base/java.util=ALL-UNNAMED --add-opens=java.base/java.lang=ALL-UNNAMED --add-opens=java.base/java.lang.invoke=ALL-UNNAMED --add-opens=java.prefs/java.util.prefs=ALL-UNNAMED --add-opens=java.base/java.nio.charset=ALL-UNNAMED --add-opens=java.base/java.net=ALL-UNNAMED --add-opens=java.base/java.util.concurrent.atomic=ALL-UNNAMED -Xmx2048m -Dfile.encoding=UTF-8 -Duser.country=AR -Duser.language=es -Duser.variant -javaagent:C:\Users\eduar\.gradle\wrapper\dists\gradle-8.2-bin\bbg7u40eoinfdyxsxr3z4i7ta\gradle-8.2\lib\agents\gradle-instrumentation-agent-8.2.jar org.gradle.launcher.daemon.bootstrap.GradleDaemon 8.2

Host: Intel(R) Celeron(R) N4120 CPU @ 1.10GHz, 4 cores, 1G,  Windows 11 , 64 bit Build 22621 (10.0.22621.3085)
Time: Thu Feb 15 21:23:24 2024 Hora estándar, América Central elapsed time: 51.943847 seconds (0d 0h 0m 51s)

---------------  T H R E A D  ---------------

Current thread (0x000002445500d5e0):  JavaThread "C2 CompilerThread0" daemon [_thread_in_native, id=10388, stack(0x0000007ac5f00000,0x0000007ac6000000)]


Current CompileTask:
C2:  51944 4122       4       org.objectweb.asm.Frame::execute (2318 bytes)

Stack: [0x0000007ac5f00000,0x0000007ac6000000]
Native frames: (J=compiled Java code, j=interpreted, Vv=VM code, C=native code)
V  [jvm.dll+0x683bfa]
V  [jvm.dll+0x8430a4]
V  [jvm.dll+0x8449be]
V  [jvm.dll+0x845023]
V  [jvm.dll+0x24ad2f]
V  [jvm.dll+0xac25c]
V  [jvm.dll+0xac82c]
V  [jvm.dll+0x2b218f]
V  [jvm.dll+0x58c2f7]
V  [jvm.dll+0x225a12]
V  [jvm.dll+0x225def]
V  [jvm.dll+0x21f0b5]
V  [jvm.dll+0x21c56b]
V  [jvm.dll+0x1a605d]
V  [jvm.dll+0x22c148]
V  [jvm.dll+0x22a209]
V  [jvm.dll+0x7f858c]
V  [jvm.dll+0x7f2aea]
V  [jvm.dll+0x682a35]
C  [ucrtbase.dll+0x29363]
C  [KERNEL32.DLL+0x1257d]
C  [ntdll.dll+0x5aa58]


---------------  P R O C E S S  ---------------

Threads class SMR info:
_java_thread_list=0x00000244571d6640, length=38, elements={
0x000002443562cb80, 0x0000024450b3e440, 0x0000024450b3f2b0, 0x000002445500a090,
0x000002445500ab50, 0x000002445500b700, 0x000002445500c850, 0x000002445500d5e0,
0x000002445500f830, 0x0000024455017590, 0x0000024450abc570, 0x000002445523cc30,
0x0000024456111fd0, 0x000002445529f640, 0x0000024455cb9170, 0x0000024455508b80,
0x0000024455bf64c0, 0x0000024455aaa440, 0x0000024456960430, 0x0000024455bf2ed0,
0x0000024455bf0380, 0x0000024455bf0850, 0x0000024455bf2060, 0x0000024455bf16c0,
0x0000024455bef510, 0x0000024455bf1b90, 0x0000024455bef9e0, 0x0000024455bf2530,
0x0000024455bf2a00, 0x0000024455befeb0, 0x0000024455bf11f0, 0x000002445754b0a0,
0x0000024457551a80, 0x0000024457550270, 0x000002445754bf10, 0x0000024457551f50,
0x0000024457550740, 0x000002445754c3e0
}

Java Threads: ( => current thread )
  0x000002443562cb80 JavaThread "main" [_thread_blocked, id=10952, stack(0x0000007ac5200000,0x0000007ac5300000)]
  0x0000024450b3e440 JavaThread "Reference Handler" daemon [_thread_blocked, id=5944, stack(0x0000007ac5900000,0x0000007ac5a00000)]
  0x0000024450b3f2b0 JavaThread "Finalizer" daemon [_thread_blocked, id=5652, stack(0x0000007ac5a00000,0x0000007ac5b00000)]
  0x000002445500a090 JavaThread "Signal Dispatcher" daemon [_thread_blocked, id=6808, stack(0x0000007ac5b00000,0x0000007ac5c00000)]
  0x000002445500ab50 JavaThread "Attach Listener" daemon [_thread_blocked, id=5012, stack(0x0000007ac5c00000,0x0000007ac5d00000)]
  0x000002445500b700 JavaThread "Service Thread" daemon [_thread_blocked, id=6516, stack(0x0000007ac5d00000,0x0000007ac5e00000)]
  0x000002445500c850 JavaThread "Monitor Deflation Thread" daemon [_thread_blocked, id=11124, stack(0x0000007ac5e00000,0x0000007ac5f00000)]
=>0x000002445500d5e0 JavaThread "C2 CompilerThread0" daemon [_thread_in_native, id=10388, stack(0x0000007ac5f00000,0x0000007ac6000000)]
  0x000002445500f830 JavaThread "C1 CompilerThread0" daemon [_thread_blocked, id=10572, stack(0x0000007ac6000000,0x0000007ac6100000)]
  0x0000024455017590 JavaThread "Sweeper thread" daemon [_thread_blocked, id=12228, stack(0x0000007ac6100000,0x0000007ac6200000)]
  0x0000024450abc570 JavaThread "Common-Cleaner" daemon [_thread_blocked, id=6980, stack(0x0000007ac6200000,0x0000007ac6300000)]
  0x000002445523cc30 JavaThread "Notification Thread" daemon [_thread_blocked, id=9836, stack(0x0000007ac6300000,0x0000007ac6400000)]
  0x0000024456111fd0 JavaThread "Daemon health stats" [_thread_blocked, id=11760, stack(0x0000007ac6800000,0x0000007ac6900000)]
  0x000002445529f640 JavaThread "Incoming local TCP Connector on port 52743" [_thread_in_native, id=10052, stack(0x0000007ac6900000,0x0000007ac6a00000)]
  0x0000024455cb9170 JavaThread "Daemon periodic checks" [_thread_blocked, id=3180, stack(0x0000007ac6a00000,0x0000007ac6b00000)]
  0x0000024455508b80 JavaThread "Daemon" [_thread_blocked, id=6676, stack(0x0000007ac6b00000,0x0000007ac6c00000)]
  0x0000024455bf64c0 JavaThread "Handler for socket connection from /127.0.0.1:52743 to /127.0.0.1:52744" [_thread_in_native, id=10688, stack(0x0000007ac6c00000,0x0000007ac6d00000)]
  0x0000024455aaa440 JavaThread "Cancel handler" [_thread_blocked, id=2760, stack(0x0000007ac6d00000,0x0000007ac6e00000)]
  0x0000024456960430 JavaThread "Daemon worker" [_thread_in_native, id=6500, stack(0x0000007ac6e00000,0x0000007ac6f00000)]
  0x0000024455bf2ed0 JavaThread "Asynchronous log dispatcher for DefaultDaemonConnection: socket connection from /127.0.0.1:52743 to /127.0.0.1:52744" [_thread_blocked, id=9924, stack(0x0000007ac6f00000,0x0000007ac7000000)]
  0x0000024455bf0380 JavaThread "Stdin handler" [_thread_blocked, id=11704, stack(0x0000007ac7000000,0x0000007ac7100000)]
  0x0000024455bf0850 JavaThread "Daemon client event forwarder" [_thread_blocked, id=1420, stack(0x0000007ac7100000,0x0000007ac7200000)]
  0x0000024455bf2060 JavaThread "Cache worker for journal cache (C:\Users\eduar\.gradle\caches\journal-1)" [_thread_blocked, id=9884, stack(0x0000007ac7200000,0x0000007ac7300000)]
  0x0000024455bf16c0 JavaThread "File lock request listener" [_thread_in_native, id=8060, stack(0x0000007ac7300000,0x0000007ac7400000)]
  0x0000024455bef510 JavaThread "Cache worker for file hash cache (C:\Users\eduar\.gradle\caches\8.2\fileHashes)" [_thread_blocked, id=11736, stack(0x0000007ac7400000,0x0000007ac7500000)]
  0x0000024455bf1b90 JavaThread "File watcher server" daemon [_thread_in_native, id=8664, stack(0x0000007ac7500000,0x0000007ac7600000)]
  0x0000024455bef9e0 JavaThread "File watcher consumer" daemon [_thread_blocked, id=4120, stack(0x0000007ac7600000,0x0000007ac7700000)]
  0x0000024455bf2530 JavaThread "Cache worker for checksums cache (C:\Users\eduar\StudioProjects\PrograII-2024-KM\CalculadoraBasica\.gradle\8.2\checksums)" [_thread_blocked, id=3060, stack(0x0000007ac7700000,0x0000007ac7800000)]
  0x0000024455bf2a00 JavaThread "Cache worker for cache directory md-rule (C:\Users\eduar\.gradle\caches\8.2\md-rule)" [_thread_blocked, id=9416, stack(0x0000007ac7800000,0x0000007ac7900000)]
  0x0000024455befeb0 JavaThread "Cache worker for file content cache (C:\Users\eduar\.gradle\caches\8.2\fileContent)" [_thread_blocked, id=3572, stack(0x0000007ac7900000,0x0000007ac7a00000)]
  0x0000024455bf11f0 JavaThread "Cache worker for file hash cache (C:\Users\eduar\StudioProjects\PrograII-2024-KM\CalculadoraBasica\.gradle\8.2\fileHashes)" [_thread_blocked, id=5468, stack(0x0000007ac7a00000,0x0000007ac7b00000)]
  0x000002445754b0a0 JavaThread "Cache worker for cache directory md-supplier (C:\Users\eduar\.gradle\caches\8.2\md-supplier)" [_thread_blocked, id=11624, stack(0x0000007ac7b00000,0x0000007ac7c00000)]
  0x0000024457551a80 JavaThread "Cache worker for execution history cache (C:\Users\eduar\.gradle\caches\8.2\executionHistory)" [_thread_blocked, id=11452, stack(0x0000007ac7c00000,0x0000007ac7d00000)]
  0x0000024457550270 JavaThread "jar transforms" [_thread_blocked, id=9332, stack(0x0000007ac7d00000,0x0000007ac7e00000)]
  0x000002445754bf10 JavaThread "jar transforms Thread 2" [_thread_blocked, id=9144, stack(0x0000007ac7e00000,0x0000007ac7f00000)]
  0x0000024457551f50 JavaThread "jar transforms Thread 3" [_thread_blocked, id=924, stack(0x0000007ac7f00000,0x0000007ac8000000)]
  0x0000024457550740 JavaThread "jar transforms Thread 4" [_thread_blocked, id=4708, stack(0x0000007ac8000000,0x0000007ac8100000)]
  0x000002445754c3e0 JavaThread "Cache worker for dependencies-accessors (C:\Users\eduar\StudioProjects\PrograII-2024-KM\CalculadoraBasica\.gradle\8.2\dependencies-accessors)" [_thread_blocked, id=8680, stack(0x0000007ac8100000,0x0000007ac8200000)]

Other Threads:
  0x0000024450b27710 VMThread "VM Thread" [stack: 0x0000007ac5800000,0x0000007ac5900000] [id=12196]
  0x000002443562d9f0 WatcherThread [stack: 0x0000007ac6400000,0x0000007ac6500000] [id=8836]
  0x0000024435689150 GCTaskThread "GC Thread#0" [stack: 0x0000007ac5300000,0x0000007ac5400000] [id=10644]
  0x000002445543a0c0 GCTaskThread "GC Thread#1" [stack: 0x0000007ac6500000,0x0000007ac6600000] [id=7232]
  0x0000024455951840 GCTaskThread "GC Thread#2" [stack: 0x0000007ac6600000,0x0000007ac6700000] [id=9496]
  0x0000024455d41bb0 GCTaskThread "GC Thread#3" [stack: 0x0000007ac6700000,0x0000007ac6800000] [id=6400]
  0x000002443569a090 ConcurrentGCThread "G1 Main Marker" [stack: 0x0000007ac5400000,0x0000007ac5500000] [id=7912]
  0x000002443569aaa0 ConcurrentGCThread "G1 Conc#0" [stack: 0x0000007ac5500000,0x0000007ac5600000] [id=7220]
  0x00000244356c1580 ConcurrentGCThread "G1 Refine#0" [stack: 0x0000007ac5600000,0x0000007ac5700000] [id=2944]
  0x00000244356c1fa0 ConcurrentGCThread "G1 Service" [stack: 0x0000007ac5700000,0x0000007ac5800000] [id=10784]

Threads with active compile tasks:
C2 CompilerThread0    52151 4122       4       org.objectweb.asm.Frame::execute (2318 bytes)

VM state: not at safepoint (normal execution)

VM Mutex/Monitor currently owned by a thread: None

Heap address: 0x0000000080000000, size: 2048 MB, Compressed Oops mode: 32-bit

CDS archive(s) not mapped
Compressed class space mapped at: 0x0000000100000000-0x0000000140000000, reserved size: 1073741824
Narrow klass base: 0x0000000000000000, Narrow klass shift: 3, Narrow klass range: 0x140000000

GC Precious Log:
 CPUs: 4 total, 4 available
 Memory: 1868M
 Large Page Support: Disabled
 NUMA Support: Disabled
 Compressed Oops: Enabled (32-bit)
 Heap Region Size: 1M
 Heap Min Capacity: 8M
 Heap Initial Capacity: 30M
 Heap Max Capacity: 2G
 Pre-touch: Disabled
 Parallel Workers: 4
 Concurrent Workers: 1
 Concurrent Refinement Workers: 4
 Periodic GC: Disabled

Heap:
 garbage-first heap   total 112640K, used 49002K [0x0000000080000000, 0x0000000100000000)
  region size 1024K, 23 young (23552K), 3 survivors (3072K)
 Metaspace       used 44938K, committed 45312K, reserved 1114112K
  class space    used 5949K, committed 6080K, reserved 1048576K

Heap Regions: E=young(eden), S=young(survivor), O=old, HS=humongous(starts), HC=humongous(continues), CS=collection set, F=free, OA=open archive, CA=closed archive, TAMS=top-at-mark-start (previous, next)
|   0|0x0000000080000000, 0x0000000080100000, 0x0000000080100000|100%| O|  |TAMS 0x0000000080100000, 0x0000000080000000| Untracked 
|   1|0x0000000080100000, 0x0000000080200000, 0x0000000080200000|100%| O|  |TAMS 0x0000000080200000, 0x0000000080100000| Untracked 
|   2|0x0000000080200000, 0x0000000080300000, 0x0000000080300000|100%|HS|  |TAMS 0x0000000080300000, 0x0000000080200000| Complete 
|   3|0x0000000080300000, 0x0000000080400000, 0x0000000080400000|100%|HC|  |TAMS 0x0000000080400000, 0x0000000080300000| Complete 
|   4|0x0000000080400000, 0x0000000080500000, 0x0000000080500000|100%|HC|  |TAMS 0x0000000080500000, 0x0000000080400000| Complete 
|   5|0x0000000080500000, 0x0000000080600000, 0x0000000080600000|100%|HC|  |TAMS 0x0000000080600000, 0x0000000080500000| Complete 
|   6|0x0000000080600000, 0x0000000080700000, 0x0000000080700000|100%| O|  |TAMS 0x0000000080700000, 0x0000000080600000| Untracked 
|   7|0x0000000080700000, 0x0000000080800000, 0x0000000080800000|100%| O|  |TAMS 0x0000000080800000, 0x0000000080700000| Untracked 
|   8|0x0000000080800000, 0x0000000080900000, 0x0000000080900000|100%| O|  |TAMS 0x0000000080900000, 0x0000000080800000| Untracked 
|   9|0x0000000080900000, 0x0000000080a00000, 0x0000000080a00000|100%| O|  |TAMS 0x0000000080a00000, 0x0000000080900000| Untracked 
|  10|0x0000000080a00000, 0x0000000080b00000, 0x0000000080b00000|100%| O|  |TAMS 0x0000000080b00000, 0x0000000080a00000| Untracked 
|  11|0x0000000080b00000, 0x0000000080c00000, 0x0000000080c00000|100%| O|  |TAMS 0x0000000080c00000, 0x0000000080b00000| Untracked 
|  12|0x0000000080c00000, 0x0000000080d00000, 0x0000000080d00000|100%| O|  |TAMS 0x0000000080d00000, 0x0000000080c00000| Untracked 
|  13|0x0000000080d00000, 0x0000000080e00000, 0x0000000080e00000|100%| O|  |TAMS 0x0000000080e00000, 0x0000000080d00000| Untracked 
|  14|0x0000000080e00000, 0x0000000080f00000, 0x0000000080f00000|100%| O|  |TAMS 0x0000000080f00000, 0x0000000080e00000| Untracked 
|  15|0x0000000080f00000, 0x0000000081000000, 0x0000000081000000|100%| O|  |TAMS 0x0000000081000000, 0x0000000080f00000| Untracked 
|  16|0x0000000081000000, 0x0000000081100000, 0x0000000081100000|100%| O|  |TAMS 0x0000000081100000, 0x0000000081000000| Untracked 
|  17|0x0000000081100000, 0x0000000081200000, 0x0000000081200000|100%| O|  |TAMS 0x0000000081200000, 0x0000000081100000| Untracked 
|  18|0x0000000081200000, 0x0000000081300000, 0x0000000081300000|100%| O|  |TAMS 0x0000000081300000, 0x0000000081200000| Untracked 
|  19|0x0000000081300000, 0x0000000081400000, 0x0000000081400000|100%| O|  |TAMS 0x0000000081400000, 0x0000000081300000| Untracked 
|  20|0x0000000081400000, 0x0000000081400000, 0x0000000081500000|  0%| F|  |TAMS 0x0000000081400000, 0x0000000081400000| Untracked 
|  21|0x0000000081500000, 0x0000000081600000, 0x0000000081600000|100%| O|  |TAMS 0x0000000081600000, 0x0000000081500000| Untracked 
|  22|0x0000000081600000, 0x0000000081700000, 0x0000000081700000|100%| O|  |TAMS 0x0000000081700000, 0x0000000081600000| Untracked 
|  23|0x0000000081700000, 0x0000000081800000, 0x0000000081800000|100%| O|  |TAMS 0x0000000081800000, 0x0000000081700000| Untracked 
|  24|0x0000000081800000, 0x0000000081900000, 0x0000000081900000|100%| O|  |TAMS 0x0000000081900000, 0x0000000081800000| Untracked 
|  25|0x0000000081900000, 0x0000000081a00000, 0x0000000081a00000|100%| O|  |TAMS 0x0000000081a00000, 0x0000000081900000| Untracked 
|  26|0x0000000081a00000, 0x0000000081b00000, 0x0000000081b00000|100%| O|  |TAMS 0x0000000081b00000, 0x0000000081a00000| Untracked 
|  27|0x0000000081b00000, 0x0000000081bbb400, 0x0000000081c00000| 73%| O|  |TAMS 0x0000000081bbb400, 0x0000000081b00000| Complete 
|  28|0x0000000081c00000, 0x0000000081c00000, 0x0000000081d00000|  0%| F|  |TAMS 0x0000000081c00000, 0x0000000081c00000| Untracked 
|  29|0x0000000081d00000, 0x0000000081d00000, 0x0000000081e00000|  0%| F|  |TAMS 0x0000000081d00000, 0x0000000081d00000| Untracked 
|  30|0x0000000081e00000, 0x0000000081e00000, 0x0000000081f00000|  0%| F|  |TAMS 0x0000000081e00000, 0x0000000081e00000| Untracked 
|  31|0x0000000081f00000, 0x0000000081f00000, 0x0000000082000000|  0%| F|  |TAMS 0x0000000081f00000, 0x0000000081f00000| Untracked 
|  32|0x0000000082000000, 0x0000000082000000, 0x0000000082100000|  0%| F|  |TAMS 0x0000000082000000, 0x0000000082000000| Untracked 
|  33|0x0000000082100000, 0x0000000082100000, 0x0000000082200000|  0%| F|  |TAMS 0x0000000082100000, 0x0000000082100000| Untracked 
|  34|0x0000000082200000, 0x0000000082200000, 0x0000000082300000|  0%| F|  |TAMS 0x0000000082200000, 0x0000000082200000| Untracked 
|  35|0x0000000082300000, 0x000000008231f620, 0x0000000082400000| 12%| S|CS|TAMS 0x0000000082300000, 0x0000000082300000| Complete 
|  36|0x0000000082400000, 0x0000000082500000, 0x0000000082500000|100%| S|CS|TAMS 0x0000000082400000, 0x0000000082400000| Complete 
|  37|0x0000000082500000, 0x0000000082600000, 0x0000000082600000|100%| S|CS|TAMS 0x0000000082500000, 0x0000000082500000| Complete 
|  38|0x0000000082600000, 0x0000000082600000, 0x0000000082700000|  0%| F|  |TAMS 0x0000000082600000, 0x0000000082600000| Untracked 
|  39|0x0000000082700000, 0x0000000082700000, 0x0000000082800000|  0%| F|  |TAMS 0x0000000082700000, 0x0000000082700000| Untracked 
|  40|0x0000000082800000, 0x0000000082800000, 0x0000000082900000|  0%| F|  |TAMS 0x0000000082800000, 0x0000000082800000| Untracked 
|  41|0x0000000082900000, 0x0000000082900000, 0x0000000082a00000|  0%| F|  |TAMS 0x0000000082900000, 0x0000000082900000| Untracked 
|  42|0x0000000082a00000, 0x0000000082a00000, 0x0000000082b00000|  0%| F|  |TAMS 0x0000000082a00000, 0x0000000082a00000| Untracked 
|  43|0x0000000082b00000, 0x0000000082b00000, 0x0000000082c00000|  0%| F|  |TAMS 0x0000000082b00000, 0x0000000082b00000| Untracked 
|  44|0x0000000082c00000, 0x0000000082c00000, 0x0000000082d00000|  0%| F|  |TAMS 0x0000000082c00000, 0x0000000082c00000| Untracked 
|  45|0x0000000082d00000, 0x0000000082d00000, 0x0000000082e00000|  0%| F|  |TAMS 0x0000000082d00000, 0x0000000082d00000| Untracked 
|  46|0x0000000082e00000, 0x0000000082e00000, 0x0000000082f00000|  0%| F|  |TAMS 0x0000000082e00000, 0x0000000082e00000| Untracked 
|  47|0x0000000082f00000, 0x0000000082f00000, 0x0000000083000000|  0%| F|  |TAMS 0x0000000082f00000, 0x0000000082f00000| Untracked 
|  48|0x0000000083000000, 0x0000000083000000, 0x0000000083100000|  0%| F|  |TAMS 0x0000000083000000, 0x0000000083000000| Untracked 
|  49|0x0000000083100000, 0x0000000083100000, 0x0000000083200000|  0%| F|  |TAMS 0x0000000083100000, 0x0000000083100000| Untracked 
|  50|0x0000000083200000, 0x0000000083200000, 0x0000000083300000|  0%| F|  |TAMS 0x0000000083200000, 0x0000000083200000| Untracked 
|  51|0x0000000083300000, 0x0000000083300000, 0x0000000083400000|  0%| F|  |TAMS 0x0000000083300000, 0x0000000083300000| Untracked 
|  52|0x0000000083400000, 0x0000000083400000, 0x0000000083500000|  0%| F|  |TAMS 0x0000000083400000, 0x0000000083400000| Untracked 
|  53|0x0000000083500000, 0x0000000083500000, 0x0000000083600000|  0%| F|  |TAMS 0x0000000083500000, 0x0000000083500000| Untracked 
|  54|0x0000000083600000, 0x0000000083600000, 0x0000000083700000|  0%| F|  |TAMS 0x0000000083600000, 0x0000000083600000| Untracked 
|  55|0x0000000083700000, 0x0000000083700000, 0x0000000083800000|  0%| F|  |TAMS 0x0000000083700000, 0x0000000083700000| Untracked 
|  56|0x0000000083800000, 0x0000000083800000, 0x0000000083900000|  0%| F|  |TAMS 0x0000000083800000, 0x0000000083800000| Untracked 
|  57|0x0000000083900000, 0x0000000083900000, 0x0000000083a00000|  0%| F|  |TAMS 0x0000000083900000, 0x0000000083900000| Untracked 
|  58|0x0000000083a00000, 0x0000000083a00000, 0x0000000083b00000|  0%| F|  |TAMS 0x0000000083a00000, 0x0000000083a00000| Untracked 
|  59|0x0000000083b00000, 0x0000000083b00000, 0x0000000083c00000|  0%| F|  |TAMS 0x0000000083b00000, 0x0000000083b00000| Untracked 
|  60|0x0000000083c00000, 0x0000000083c00000, 0x0000000083d00000|  0%| F|  |TAMS 0x0000000083c00000, 0x0000000083c00000| Untracked 
|  61|0x0000000083d00000, 0x0000000083d00000, 0x0000000083e00000|  0%| F|  |TAMS 0x0000000083d00000, 0x0000000083d00000| Untracked 
|  62|0x0000000083e00000, 0x0000000083e00000, 0x0000000083f00000|  0%| F|  |TAMS 0x0000000083e00000, 0x0000000083e00000| Untracked 
|  63|0x0000000083f00000, 0x0000000083f00000, 0x0000000084000000|  0%| F|  |TAMS 0x0000000083f00000, 0x0000000083f00000| Untracked 
|  64|0x0000000084000000, 0x0000000084000000, 0x0000000084100000|  0%| F|  |TAMS 0x0000000084000000, 0x0000000084000000| Untracked 
|  65|0x0000000084100000, 0x0000000084100000, 0x0000000084200000|  0%| F|  |TAMS 0x0000000084100000, 0x0000000084100000| Untracked 
|  66|0x0000000084200000, 0x0000000084200000, 0x0000000084300000|  0%| F|  |TAMS 0x0000000084200000, 0x0000000084200000| Untracked 
|  67|0x0000000084300000, 0x0000000084300000, 0x0000000084400000|  0%| F|  |TAMS 0x0000000084300000, 0x0000000084300000| Untracked 
|  68|0x0000000084400000, 0x0000000084400000, 0x0000000084500000|  0%| F|  |TAMS 0x0000000084400000, 0x0000000084400000| Untracked 
|  69|0x0000000084500000, 0x0000000084500000, 0x0000000084600000|  0%| F|  |TAMS 0x0000000084500000, 0x0000000084500000| Untracked 
|  70|0x0000000084600000, 0x0000000084600000, 0x0000000084700000|  0%| F|  |TAMS 0x0000000084600000, 0x0000000084600000| Untracked 
|  71|0x0000000084700000, 0x0000000084700000, 0x0000000084800000|  0%| F|  |TAMS 0x0000000084700000, 0x0000000084700000| Untracked 
|  72|0x0000000084800000, 0x0000000084800000, 0x0000000084900000|  0%| F|  |TAMS 0x0000000084800000, 0x0000000084800000| Untracked 
|  73|0x0000000084900000, 0x0000000084900000, 0x0000000084a00000|  0%| F|  |TAMS 0x0000000084900000, 0x0000000084900000| Untracked 
|  74|0x0000000084a00000, 0x0000000084a00000, 0x0000000084b00000|  0%| F|  |TAMS 0x0000000084a00000, 0x0000000084a00000| Untracked 
|  75|0x0000000084b00000, 0x0000000084b00000, 0x0000000084c00000|  0%| F|  |TAMS 0x0000000084b00000, 0x0000000084b00000| Untracked 
|  76|0x0000000084c00000, 0x0000000084c00000, 0x0000000084d00000|  0%| F|  |TAMS 0x0000000084c00000, 0x0000000084c00000| Untracked 
|  77|0x0000000084d00000, 0x0000000084d00000, 0x0000000084e00000|  0%| F|  |TAMS 0x0000000084d00000, 0x0000000084d00000| Untracked 
|  78|0x0000000084e00000, 0x0000000084e00000, 0x0000000084f00000|  0%| F|  |TAMS 0x0000000084e00000, 0x0000000084e00000| Untracked 
|  79|0x0000000084f00000, 0x0000000084f00000, 0x0000000085000000|  0%| F|  |TAMS 0x0000000084f00000, 0x0000000084f00000| Untracked 
|  80|0x0000000085000000, 0x0000000085000000, 0x0000000085100000|  0%| F|  |TAMS 0x0000000085000000, 0x0000000085000000| Untracked 
|  81|0x0000000085100000, 0x0000000085100000, 0x0000000085200000|  0%| F|  |TAMS 0x0000000085100000, 0x0000000085100000| Untracked 
|  82|0x0000000085200000, 0x0000000085200000, 0x0000000085300000|  0%| F|  |TAMS 0x0000000085200000, 0x0000000085200000| Untracked 
|  83|0x0000000085300000, 0x0000000085300000, 0x0000000085400000|  0%| F|  |TAMS 0x0000000085300000, 0x0000000085300000| Untracked 
|  84|0x0000000085400000, 0x0000000085400000, 0x0000000085500000|  0%| F|  |TAMS 0x0000000085400000, 0x0000000085400000| Untracked 
|  85|0x0000000085500000, 0x0000000085500000, 0x0000000085600000|  0%| F|  |TAMS 0x0000000085500000, 0x0000000085500000| Untracked 
|  86|0x0000000085600000, 0x0000000085600000, 0x0000000085700000|  0%| F|  |TAMS 0x0000000085600000, 0x0000000085600000| Untracked 
|  87|0x0000000085700000, 0x0000000085700000, 0x0000000085800000|  0%| F|  |TAMS 0x0000000085700000, 0x0000000085700000| Untracked 
|  88|0x0000000085800000, 0x0000000085800000, 0x0000000085900000|  0%| F|  |TAMS 0x0000000085800000, 0x0000000085800000| Untracked 
|  89|0x0000000085900000, 0x0000000085980800, 0x0000000085a00000| 50%| E|  |TAMS 0x0000000085900000, 0x0000000085900000| Complete 
|  90|0x0000000085a00000, 0x0000000085b00000, 0x0000000085b00000|100%| E|CS|TAMS 0x0000000085a00000, 0x0000000085a00000| Complete 
|  91|0x0000000085b00000, 0x0000000085c00000, 0x0000000085c00000|100%| E|CS|TAMS 0x0000000085b00000, 0x0000000085b00000| Complete 
|  92|0x0000000085c00000, 0x0000000085d00000, 0x0000000085d00000|100%| E|CS|TAMS 0x0000000085c00000, 0x0000000085c00000| Complete 
|  93|0x0000000085d00000, 0x0000000085e00000, 0x0000000085e00000|100%| E|CS|TAMS 0x0000000085d00000, 0x0000000085d00000| Complete 
|  94|0x0000000085e00000, 0x0000000085f00000, 0x0000000085f00000|100%| E|CS|TAMS 0x0000000085e00000, 0x0000000085e00000| Complete 
|  95|0x0000000085f00000, 0x0000000086000000, 0x0000000086000000|100%| E|CS|TAMS 0x0000000085f00000, 0x0000000085f00000| Complete 
|  96|0x0000000086000000, 0x0000000086100000, 0x0000000086100000|100%| E|CS|TAMS 0x0000000086000000, 0x0000000086000000| Complete 
|  97|0x0000000086100000, 0x0000000086200000, 0x0000000086200000|100%| E|CS|TAMS 0x0000000086100000, 0x0000000086100000| Complete 
|  98|0x0000000086200000, 0x0000000086300000, 0x0000000086300000|100%| E|CS|TAMS 0x0000000086200000, 0x0000000086200000| Complete 
|  99|0x0000000086300000, 0x0000000086400000, 0x0000000086400000|100%| E|CS|TAMS 0x0000000086300000, 0x0000000086300000| Complete 
| 100|0x0000000086400000, 0x0000000086500000, 0x0000000086500000|100%| E|CS|TAMS 0x0000000086400000, 0x0000000086400000| Complete 
| 101|0x0000000086500000, 0x0000000086600000, 0x0000000086600000|100%| E|CS|TAMS 0x0000000086500000, 0x0000000086500000| Complete 
| 102|0x0000000086600000, 0x0000000086700000, 0x0000000086700000|100%| E|CS|TAMS 0x0000000086600000, 0x0000000086600000| Complete 
| 103|0x0000000086700000, 0x0000000086800000, 0x0000000086800000|100%| E|CS|TAMS 0x0000000086700000, 0x0000000086700000| Complete 
| 104|0x0000000086800000, 0x0000000086900000, 0x0000000086900000|100%| E|CS|TAMS 0x0000000086800000, 0x0000000086800000| Complete 
| 105|0x0000000086900000, 0x0000000086a00000, 0x0000000086a00000|100%| E|CS|TAMS 0x0000000086900000, 0x0000000086900000| Complete 
| 106|0x0000000086a00000, 0x0000000086b00000, 0x0000000086b00000|100%| E|CS|TAMS 0x0000000086a00000, 0x0000000086a00000| Complete 
| 111|0x0000000086f00000, 0x0000000087000000, 0x0000000087000000|100%| E|CS|TAMS 0x0000000086f00000, 0x0000000086f00000| Complete 
| 112|0x0000000087000000, 0x0000000087100000, 0x0000000087100000|100%| E|CS|TAMS 0x0000000087000000, 0x0000000087000000| Complete 
| 113|0x0000000087100000, 0x0000000087200000, 0x0000000087200000|100%| E|CS|TAMS 0x0000000087100000, 0x0000000087100000| Complete 

Card table byte_map: [0x0000024449d00000,0x000002444a100000] _byte_map_base: 0x0000024449900000

Marking Bits (Prev, Next): (CMBitMap*) 0x0000024435689760, (CMBitMap*) 0x00000244356897a0
 Prev Bits: [0x000002444a500000, 0x000002444c500000)
 Next Bits: [0x000002444c500000, 0x000002444e500000)

Polling page: 0x00000244356f0000

Metaspace:

Usage:
  Non-class:     38.09 MB used.
      Class:      5.81 MB used.
       Both:     43.91 MB used.

Virtual space:
  Non-class space:       64.00 MB reserved,      38.31 MB ( 60%) committed,  1 nodes.
      Class space:        1.00 GB reserved,       6.00 MB ( <1%) committed,  1 nodes.
             Both:        1.06 GB reserved,      44.31 MB (  4%) committed. 

Chunk freelists:
   Non-Class:  9.41 MB
       Class:  9.92 MB
        Both:  19.33 MB

MaxMetaspaceSize: unlimited
CompressedClassSpaceSize: 1.00 GB
Initial GC threshold: 21.00 MB
Current GC threshold: 71.50 MB
CDS: off
MetaspaceReclaimPolicy: balanced
 - commit_granule_bytes: 65536.
 - commit_granule_words: 8192.
 - virtual_space_node_default_size: 8388608.
 - enlarge_chunks_in_place: 1.
 - new_chunks_are_fully_committed: 0.
 - uncommit_free_chunks: 1.
 - use_allocation_guard: 0.
 - handle_deallocations: 1.


Internal statistics:

num_allocs_failed_limit: 3.
num_arena_births: 344.
num_arena_deaths: 0.
num_vsnodes_births: 2.
num_vsnodes_deaths: 0.
num_space_committed: 709.
num_space_uncommitted: 0.
num_chunks_returned_to_freelist: 3.
num_chunks_taken_from_freelist: 1592.
num_chunk_merges: 0.
num_chunk_splits: 1101.
num_chunks_enlarged: 817.
num_inconsistent_stats: 0.

CodeHeap 'non-profiled nmethods': size=120000Kb used=2134Kb max_used=2134Kb free=117865Kb
 bounds [0x0000024441da0000, 0x0000024442010000, 0x00000244492d0000]
CodeHeap 'profiled nmethods': size=120000Kb used=8783Kb max_used=8783Kb free=111216Kb
 bounds [0x000002443a2d0000, 0x000002443ab70000, 0x0000024441800000]
CodeHeap 'non-nmethods': size=5760Kb used=2282Kb max_used=2320Kb free=3478Kb
 bounds [0x0000024441800000, 0x0000024441a70000, 0x0000024441da0000]
 total_blobs=4915 nmethods=4119 adapters=709
 compilation: enabled
              stopped_count=0, restarted_count=0
 full_count=0

Compilation events (20 events):
Event: 51.712 Thread 0x000002445500f830 4115       3       com.google.common.collect.Hashing::closedTableSize (37 bytes)
Event: 51.713 Thread 0x000002445500d5e0 nmethod 4109 0x0000024441fb4a90 code [0x0000024441fb4c20, 0x0000024441fb4d78]
Event: 51.713 Thread 0x000002445500d5e0 4113       4       java.util.Collections$UnmodifiableCollection$1::hasNext (10 bytes)
Event: 51.714 Thread 0x000002445500f830 nmethod 4115 0x000002443ab4f110 code [0x000002443ab4f2e0, 0x000002443ab4f628]
Event: 51.714 Thread 0x000002445500f830 4116       1       com.google.common.collect.LinkedHashMultimap$ValueEntry::setPredecessorInValueSet (6 bytes)
Event: 51.714 Thread 0x000002445500d5e0 nmethod 4113 0x0000024441fb4f10 code [0x0000024441fb5080, 0x0000024441fb5118]
Event: 51.714 Thread 0x000002445500f830 nmethod 4116 0x0000024441fb5210 code [0x0000024441fb53a0, 0x0000024441fb54b8]
Event: 51.714 Thread 0x000002445500f830 4118       3       org.objectweb.asm.SymbolTable::addConstant (330 bytes)
Event: 51.716 Thread 0x000002445500d5e0 4122       4       org.objectweb.asm.Frame::execute (2318 bytes)
Event: 51.718 Thread 0x000002445500f830 nmethod 4118 0x000002443ab4f790 code [0x000002443ab4fd40, 0x000002443ab52eb8]
Event: 51.718 Thread 0x000002445500f830 4119       3       org.objectweb.asm.Type::hashCode (68 bytes)
Event: 51.719 Thread 0x000002445500f830 nmethod 4119 0x000002443ab53890 code [0x000002443ab53aa0, 0x000002443ab541d8]
Event: 51.719 Thread 0x000002445500f830 4120       3       org.objectweb.asm.MethodWriter::visitTypeInsn (116 bytes)
Event: 51.720 Thread 0x000002445500f830 nmethod 4120 0x000002443ab54510 code [0x000002443ab54700, 0x000002443ab54b68]
Event: 51.720 Thread 0x000002445500f830 4121       3       org.gradle.model.internal.asm.MethodVisitorScope::_GETFIELD (11 bytes)
Event: 51.720 Thread 0x000002445500f830 nmethod 4121 0x000002443ab54d90 code [0x000002443ab54f60, 0x000002443ab55328]
Event: 51.720 Thread 0x000002445500f830 4117       1       com.google.common.collect.LinkedHashMultimap$ValueSet::setPredecessorInValueSet (6 bytes)
Event: 51.720 Thread 0x000002445500f830 nmethod 4117 0x0000024441fb5510 code [0x0000024441fb56a0, 0x0000024441fb57b8]
Event: 51.752 Thread 0x000002445500f830 4124       3       sun.reflect.generics.repository.ConstructorRepository::computeParameterTypes (62 bytes)
Event: 51.753 Thread 0x000002445500f830 nmethod 4124 0x000002443ab55510 code [0x000002443ab55720, 0x000002443ab560e8]

GC Heap History (20 events):
Event: 41.218 GC heap before
{Heap before GC invocations=17 (full 0):
 garbage-first heap   total 34816K, used 26911K [0x0000000080000000, 0x0000000100000000)
  region size 1024K, 9 young (9216K), 1 survivors (1024K)
 Metaspace       used 23331K, committed 23552K, reserved 1114112K
  class space    used 2889K, committed 3008K, reserved 1048576K
}
Event: 41.235 GC heap after
{Heap after GC invocations=18 (full 0):
 garbage-first heap   total 34816K, used 19077K [0x0000000080000000, 0x0000000100000000)
  region size 1024K, 2 young (2048K), 2 survivors (2048K)
 Metaspace       used 23331K, committed 23552K, reserved 1114112K
  class space    used 2889K, committed 3008K, reserved 1048576K
}
Event: 42.016 GC heap before
{Heap before GC invocations=18 (full 0):
 garbage-first heap   total 34816K, used 26245K [0x0000000080000000, 0x0000000100000000)
  region size 1024K, 9 young (9216K), 2 survivors (2048K)
 Metaspace       used 24296K, committed 24576K, reserved 1114112K
  class space    used 3074K, committed 3200K, reserved 1048576K
}
Event: 42.021 GC heap after
{Heap after GC invocations=19 (full 0):
 garbage-first heap   total 58368K, used 19451K [0x0000000080000000, 0x0000000100000000)
  region size 1024K, 2 young (2048K), 2 survivors (2048K)
 Metaspace       used 24296K, committed 24576K, reserved 1114112K
  class space    used 3074K, committed 3200K, reserved 1048576K
}
Event: 43.897 GC heap before
{Heap before GC invocations=20 (full 0):
 garbage-first heap   total 58368K, used 44027K [0x0000000080000000, 0x0000000100000000)
  region size 1024K, 26 young (26624K), 2 survivors (2048K)
 Metaspace       used 27573K, committed 27840K, reserved 1114112K
  class space    used 3655K, committed 3776K, reserved 1048576K
}
Event: 43.906 GC heap after
{Heap after GC invocations=21 (full 0):
 garbage-first heap   total 58368K, used 21160K [0x0000000080000000, 0x0000000100000000)
  region size 1024K, 4 young (4096K), 4 survivors (4096K)
 Metaspace       used 27573K, committed 27840K, reserved 1114112K
  class space    used 3655K, committed 3776K, reserved 1048576K
}
Event: 44.981 GC heap before
{Heap before GC invocations=21 (full 0):
 garbage-first heap   total 58368K, used 43688K [0x0000000080000000, 0x0000000100000000)
  region size 1024K, 26 young (26624K), 4 survivors (4096K)
 Metaspace       used 30798K, committed 31104K, reserved 1114112K
  class space    used 4177K, committed 4288K, reserved 1048576K
}
Event: 44.998 GC heap after
{Heap after GC invocations=22 (full 0):
 garbage-first heap   total 58368K, used 22229K [0x0000000080000000, 0x0000000100000000)
  region size 1024K, 3 young (3072K), 3 survivors (3072K)
 Metaspace       used 30798K, committed 31104K, reserved 1114112K
  class space    used 4177K, committed 4288K, reserved 1048576K
}
Event: 46.213 GC heap before
{Heap before GC invocations=22 (full 0):
 garbage-first heap   total 58368K, used 45781K [0x0000000080000000, 0x0000000100000000)
  region size 1024K, 26 young (26624K), 3 survivors (3072K)
 Metaspace       used 34229K, committed 34496K, reserved 1114112K
  class space    used 4700K, committed 4800K, reserved 1048576K
}
Event: 46.229 GC heap after
{Heap after GC invocations=23 (full 0):
 garbage-first heap   total 58368K, used 23153K [0x0000000080000000, 0x0000000100000000)
  region size 1024K, 2 young (2048K), 2 survivors (2048K)
 Metaspace       used 34229K, committed 34496K, reserved 1114112K
  class space    used 4700K, committed 4800K, reserved 1048576K
}
Event: 48.043 GC heap before
{Heap before GC invocations=23 (full 0):
 garbage-first heap   total 58368K, used 45681K [0x0000000080000000, 0x0000000100000000)
  region size 1024K, 25 young (25600K), 2 survivors (2048K)
 Metaspace       used 39849K, committed 40192K, reserved 1114112K
  class space    used 5347K, committed 5504K, reserved 1048576K
}
Event: 48.058 GC heap after
{Heap after GC invocations=24 (full 0):
 garbage-first heap   total 58368K, used 25702K [0x0000000080000000, 0x0000000100000000)
  region size 1024K, 4 young (4096K), 4 survivors (4096K)
 Metaspace       used 39849K, committed 40192K, reserved 1114112K
  class space    used 5347K, committed 5504K, reserved 1048576K
}
Event: 48.215 GC heap before
{Heap before GC invocations=24 (full 0):
 garbage-first heap   total 58368K, used 27750K [0x0000000080000000, 0x0000000100000000)
  region size 1024K, 8 young (8192K), 4 survivors (4096K)
 Metaspace       used 40600K, committed 40960K, reserved 1114112K
  class space    used 5426K, committed 5568K, reserved 1048576K
}
Event: 48.248 GC heap after
{Heap after GC invocations=25 (full 0):
 garbage-first heap   total 58368K, used 26451K [0x0000000080000000, 0x0000000100000000)
  region size 1024K, 1 young (1024K), 1 survivors (1024K)
 Metaspace       used 40600K, committed 40960K, reserved 1114112K
  class space    used 5426K, committed 5568K, reserved 1048576K
}
Event: 49.202 GC heap before
{Heap before GC invocations=26 (full 0):
 garbage-first heap   total 58368K, used 46931K [0x0000000080000000, 0x0000000100000000)
  region size 1024K, 21 young (21504K), 1 survivors (1024K)
 Metaspace       used 41239K, committed 41536K, reserved 1114112K
  class space    used 5484K, committed 5632K, reserved 1048576K
}
Event: 49.216 GC heap after
{Heap after GC invocations=27 (full 0):
 garbage-first heap   total 58368K, used 28261K [0x0000000080000000, 0x0000000100000000)
  region size 1024K, 3 young (3072K), 3 survivors (3072K)
 Metaspace       used 41239K, committed 41536K, reserved 1114112K
  class space    used 5484K, committed 5632K, reserved 1048576K
}
Event: 49.244 GC heap before
{Heap before GC invocations=27 (full 0):
 garbage-first heap   total 58368K, used 29285K [0x0000000080000000, 0x0000000100000000)
  region size 1024K, 4 young (4096K), 3 survivors (3072K)
 Metaspace       used 41246K, committed 41600K, reserved 1114112K
  class space    used 5484K, committed 5632K, reserved 1048576K
}
Event: 49.257 GC heap after
{Heap after GC invocations=28 (full 0):
 garbage-first heap   total 58368K, used 27693K [0x0000000080000000, 0x0000000100000000)
  region size 1024K, 1 young (1024K), 1 survivors (1024K)
 Metaspace       used 41246K, committed 41600K, reserved 1114112K
  class space    used 5484K, committed 5632K, reserved 1048576K
}
Event: 50.619 GC heap before
{Heap before GC invocations=28 (full 0):
 garbage-first heap   total 58368K, used 50221K [0x0000000080000000, 0x0000000100000000)
  region size 1024K, 19 young (19456K), 1 survivors (1024K)
 Metaspace       used 43449K, committed 43904K, reserved 1114112K
  class space    used 5703K, committed 5888K, reserved 1048576K
}
Event: 50.630 GC heap after
{Heap after GC invocations=29 (full 0):
 garbage-first heap   total 116736K, used 29546K [0x0000000080000000, 0x0000000100000000)
  region size 1024K, 3 young (3072K), 3 survivors (3072K)
 Metaspace       used 43449K, committed 43904K, reserved 1114112K
  class space    used 5703K, committed 5888K, reserved 1048576K
}

Dll operation events (3 events):
Event: 1.059 Loaded shared library C:\Program Files\Android\Android Studio\jbr\bin\java.dll
Event: 5.044 Loaded shared library C:\Program Files\Android\Android Studio\jbr\bin\zip.dll
Event: 10.472 Loaded shared library C:\Program Files\Android\Android Studio\jbr\bin\verify.dll

Deoptimization events (20 events):
Event: 50.656 Thread 0x0000024456960430 Uncommon trap: trap_request=0xffffffc6 fr.pc=0x0000024441f932b0 relative=0x0000000000000dd0
Event: 50.656 Thread 0x0000024456960430 Uncommon trap: reason=bimorphic_or_optimized_type_check action=maybe_recompile pc=0x0000024441f932b0 method=org.codehaus.groovy.runtime.metaclass.MetaMethodIndex.isOverridden(Lgroovy/lang/MetaMethod;Lgroovy/lang/MetaMethod;)Z @ 56 c2
Event: 50.656 Thread 0x0000024456960430 DEOPT PACKING pc=0x0000024441f932b0 sp=0x0000007ac6ef5520
Event: 50.656 Thread 0x0000024456960430 DEOPT UNPACKING pc=0x000002444185699d sp=0x0000007ac6ef54c8 mode 2
Event: 50.659 Thread 0x0000024456960430 Uncommon trap: trap_request=0xffffffc6 fr.pc=0x0000024441f9548c relative=0x0000000000002fac
Event: 50.659 Thread 0x0000024456960430 Uncommon trap: reason=bimorphic_or_optimized_type_check action=maybe_recompile pc=0x0000024441f9548c method=org.codehaus.groovy.runtime.metaclass.MetaMethodIndex.isOverridden(Lgroovy/lang/MetaMethod;Lgroovy/lang/MetaMethod;)Z @ 10 c2
Event: 50.659 Thread 0x0000024456960430 DEOPT PACKING pc=0x0000024441f9548c sp=0x0000007ac6ef5490
Event: 50.659 Thread 0x0000024456960430 DEOPT UNPACKING pc=0x000002444185699d sp=0x0000007ac6ef5438 mode 2
Event: 51.237 Thread 0x0000024456960430 Uncommon trap: trap_request=0xffffff45 fr.pc=0x0000024441f4122c relative=0x000000000000010c
Event: 51.237 Thread 0x0000024456960430 Uncommon trap: reason=unstable_if action=reinterpret pc=0x0000024441f4122c method=java.util.Arrays.hashCode([Ljava/lang/Object;)I @ 34 c2
Event: 51.238 Thread 0x0000024456960430 DEOPT PACKING pc=0x0000024441f4122c sp=0x0000007ac6ef8cf0
Event: 51.238 Thread 0x0000024456960430 DEOPT UNPACKING pc=0x000002444185699d sp=0x0000007ac6ef8c68 mode 2
Event: 51.517 Thread 0x0000024456960430 Uncommon trap: trap_request=0xffffffde fr.pc=0x0000024441f00698 relative=0x0000000000000078
Event: 51.517 Thread 0x0000024456960430 Uncommon trap: reason=class_check action=maybe_recompile pc=0x0000024441f00698 method=java.util.Collections$SetFromMap.remove(Ljava/lang/Object;)Z @ 5 c2
Event: 51.517 Thread 0x0000024456960430 DEOPT PACKING pc=0x0000024441f00698 sp=0x0000007ac6eface0
Event: 51.517 Thread 0x0000024456960430 DEOPT UNPACKING pc=0x000002444185699d sp=0x0000007ac6efac78 mode 2
Event: 51.699 Thread 0x0000024456960430 Uncommon trap: trap_request=0xffffff45 fr.pc=0x0000024441eaf0e0 relative=0x0000000000006340
Event: 51.699 Thread 0x0000024456960430 Uncommon trap: reason=unstable_if action=reinterpret pc=0x0000024441eaf0e0 method=jdk.internal.org.objectweb.asm.SymbolTable.addType(Ljava/lang/String;)I @ 33 c2
Event: 51.699 Thread 0x0000024456960430 DEOPT PACKING pc=0x0000024441eaf0e0 sp=0x0000007ac6ef9800
Event: 51.699 Thread 0x0000024456960430 DEOPT UNPACKING pc=0x000002444185699d sp=0x0000007ac6ef9728 mode 2

Classes unloaded (0 events):
No events

Classes redefined (0 events):
No events

Internal exceptions (20 events):
Event: 50.999 Thread 0x0000024456960430 Exception <a 'java/lang/IncompatibleClassChangeError'{0x00000000866986b8}: Found class java.lang.Object, but interface was expected> (0x00000000866986b8) 
thrown [s\src\hotspot\share\interpreter\linkResolver.cpp, line 838]
Event: 51.054 Thread 0x0000024456960430 Exception <a 'java/lang/ClassNotFoundException'{0x000000008656d890}: settings_19s128pi0e6bjei82l0lybh0gBeanInfo> (0x000000008656d890) 
thrown [s\src\hotspot\share\classfile\systemDictionary.cpp, line 256]
Event: 51.054 Thread 0x0000024456960430 Exception <a 'java/lang/ClassNotFoundException'{0x0000000086574288}: settings_19s128pi0e6bjei82l0lybh0gCustomizer> (0x0000000086574288) 
thrown [s\src\hotspot\share\classfile\systemDictionary.cpp, line 256]
Event: 51.100 Thread 0x0000024456960430 Exception <a 'java/lang/ClassNotFoundException'{0x00000000865d2fc0}: org/gradle/internal/management/DefaultDependencyResolutionManagement_DecoratedBeanInfo> (0x00000000865d2fc0) 
thrown [s\src\hotspot\share\classfile\systemDictionary.cpp, line 256]
Event: 51.103 Thread 0x0000024456960430 Exception <a 'java/lang/ClassNotFoundException'{0x00000000865e7bd0}: org/gradle/internal/management/DefaultDependencyResolutionManagementBeanInfo> (0x00000000865e7bd0) 
thrown [s\src\hotspot\share\classfile\systemDictionary.cpp, line 256]
Event: 51.105 Thread 0x0000024456960430 Exception <a 'java/lang/ClassNotFoundException'{0x00000000865fc7e8}: org/gradle/internal/management/DefaultDependencyResolutionManagementCustomizer> (0x00000000865fc7e8) 
thrown [s\src\hotspot\share\classfile\systemDictionary.cpp, line 256]
Event: 51.110 Thread 0x0000024456960430 Exception <a 'java/lang/ClassNotFoundException'{0x0000000086424008}: org/gradle/internal/management/DefaultDependencyResolutionManagement_DecoratedCustomizer> (0x0000000086424008) 
thrown [s\src\hotspot\share\classfile\systemDictionary.cpp, line 256]
Event: 51.130 Thread 0x0000024456960430 Exception <a 'java/lang/ClassNotFoundException'{0x0000000086471ad8}: org/gradle/api/initialization/resolve/RepositoriesModeBeanInfo> (0x0000000086471ad8) 
thrown [s\src\hotspot\share\classfile\systemDictionary.cpp, line 256]
Event: 51.133 Thread 0x0000024456960430 Exception <a 'java/lang/ClassNotFoundException'{0x0000000086476920}: java/lang/EnumBeanInfo> (0x0000000086476920) 
thrown [s\src\hotspot\share\classfile\systemDictionary.cpp, line 256]
Event: 51.133 Thread 0x0000024456960430 Exception <a 'java/lang/ClassNotFoundException'{0x000000008647b788}: java/lang/EnumCustomizer> (0x000000008647b788) 
thrown [s\src\hotspot\share\classfile\systemDictionary.cpp, line 256]
Event: 51.138 Thread 0x0000024456960430 Exception <a 'java/lang/ClassNotFoundException'{0x0000000086494a48}: org/gradle/api/initialization/resolve/RepositoriesModeCustomizer> (0x0000000086494a48) 
thrown [s\src\hotspot\share\classfile\systemDictionary.cpp, line 256]
Event: 51.176 Thread 0x0000024456960430 Exception <a 'java/lang/ClassNotFoundException'{0x000000008630a610}: org/gradle/api/internal/provider/DefaultPropertyBeanInfo> (0x000000008630a610) 
thrown [s\src\hotspot\share\classfile\systemDictionary.cpp, line 256]
Event: 51.179 Thread 0x0000024456960430 Exception <a 'java/lang/ClassNotFoundException'{0x000000008631bd28}: org/gradle/api/internal/provider/AbstractPropertyBeanInfo> (0x000000008631bd28) 
thrown [s\src\hotspot\share\classfile\systemDictionary.cpp, line 256]
Event: 51.184 Thread 0x0000024456960430 Exception <a 'java/lang/ClassNotFoundException'{0x000000008632e010}: org/gradle/api/internal/provider/AbstractMinimalProviderBeanInfo> (0x000000008632e010) 
thrown [s\src\hotspot\share\classfile\systemDictionary.cpp, line 256]
Event: 51.187 Thread 0x0000024456960430 Exception <a 'java/lang/ClassNotFoundException'{0x000000008633fb30}: org/gradle/api/internal/provider/AbstractMinimalProviderCustomizer> (0x000000008633fb30) 
thrown [s\src\hotspot\share\classfile\systemDictionary.cpp, line 256]
Event: 51.192 Thread 0x0000024456960430 Exception <a 'java/lang/ClassNotFoundException'{0x000000008636a1a0}: org/gradle/api/internal/provider/AbstractPropertyCustomizer> (0x000000008636a1a0) 
thrown [s\src\hotspot\share\classfile\systemDictionary.cpp, line 256]
Event: 51.197 Thread 0x0000024456960430 Exception <a 'java/lang/ClassNotFoundException'{0x00000000863879e0}: org/gradle/api/internal/provider/DefaultPropertyCustomizer> (0x00000000863879e0) 
thrown [s\src\hotspot\share\classfile\systemDictionary.cpp, line 256]
Event: 51.225 Thread 0x0000024456960430 Exception <a 'java/lang/ClassNotFoundException'{0x00000000863f9990}: org/gradle/initialization/DefaultProjectDescriptorBeanInfo> (0x00000000863f9990) 
thrown [s\src\hotspot\share\classfile\systemDictionary.cpp, line 256]
Event: 51.227 Thread 0x0000024456960430 Exception <a 'java/lang/ClassNotFoundException'{0x0000000086208960}: org/gradle/initialization/DefaultProjectDescriptorCustomizer> (0x0000000086208960) 
thrown [s\src\hotspot\share\classfile\systemDictionary.cpp, line 256]
Event: 51.237 Thread 0x0000024456960430 Implicit null exception at 0x0000024441f4116c to 0x0000024441f41210

VM Operations (20 events):
Event: 48.322 Executing VM operation: G1Concurrent
Event: 48.327 Executing VM operation: G1Concurrent done
Event: 48.350 Executing VM operation: G1Concurrent
Event: 48.359 Executing VM operation: G1Concurrent done
Event: 48.744 Executing VM operation: HandshakeAllThreads
Event: 48.744 Executing VM operation: HandshakeAllThreads done
Event: 49.202 Executing VM operation: G1CollectForAllocation
Event: 49.217 Executing VM operation: G1CollectForAllocation done
Event: 49.244 Executing VM operation: G1CollectForAllocation
Event: 49.258 Executing VM operation: G1CollectForAllocation done
Event: 50.258 Executing VM operation: Cleanup
Event: 50.259 Executing VM operation: Cleanup done
Event: 50.618 Executing VM operation: G1CollectForAllocation
Event: 50.631 Executing VM operation: G1CollectForAllocation done
Event: 50.709 Executing VM operation: G1Concurrent
Event: 50.718 Executing VM operation: G1Concurrent done
Event: 50.746 Executing VM operation: G1Concurrent
Event: 50.747 Executing VM operation: G1Concurrent done
Event: 51.757 Executing VM operation: Cleanup
Event: 51.758 Executing VM operation: Cleanup done

Events (20 events):
Event: 50.724 loading class sun/reflect/generics/reflectiveObjects/GenericArrayTypeImpl
Event: 50.726 loading class sun/reflect/generics/reflectiveObjects/GenericArrayTypeImpl done
Event: 51.027 Thread 0x0000024457550740 Thread added: 0x0000024457550740
Event: 51.130 loading class java/lang/EnumBeanInfo
Event: 51.131 loading class java/lang/EnumBeanInfo done
Event: 51.133 loading class java/lang/EnumBeanInfo
Event: 51.133 loading class java/lang/EnumBeanInfo done
Event: 51.133 loading class java/lang/EnumCustomizer
Event: 51.133 loading class java/lang/EnumCustomizer done
Event: 51.133 loading class java/lang/EnumCustomizer
Event: 51.133 loading class java/lang/EnumCustomizer done
Event: 51.245 loading class jdk/internal/math/FDBigInteger
Event: 51.257 loading class jdk/internal/math/FDBigInteger done
Event: 51.401 loading class java/util/zip/GZIPInputStream
Event: 51.409 loading class java/util/zip/GZIPInputStream done
Event: 51.410 loading class java/util/zip/GZIPOutputStream
Event: 51.410 loading class java/util/zip/GZIPOutputStream done
Event: 51.621 Thread 0x000002445754c3e0 Thread added: 0x000002445754c3e0
Event: 51.871 loading class java/nio/file/AtomicMoveNotSupportedException
Event: 51.882 loading class java/nio/file/AtomicMoveNotSupportedException done


Dynamic libraries:
0x00007ff618e50000 - 0x00007ff618e5a000 	C:\Program Files\Android\Android Studio\jbr\bin\java.exe
0x00007ffeff210000 - 0x00007ffeff427000 	C:\WINDOWS\SYSTEM32\ntdll.dll
0x00007ffefe7b0000 - 0x00007ffefe874000 	C:\WINDOWS\System32\KERNEL32.DLL
0x00007ffefca40000 - 0x00007ffefcde6000 	C:\WINDOWS\System32\KERNELBASE.dll
0x00007ffef3860000 - 0x00007ffef387b000 	C:\Program Files\Android\Android Studio\jbr\bin\VCRUNTIME140.dll
0x00007ffeea530000 - 0x00007ffeea547000 	C:\Program Files\Android\Android Studio\jbr\bin\jli.dll
0x00007ffefc920000 - 0x00007ffefca31000 	C:\WINDOWS\System32\ucrtbase.dll
0x00007ffefdac0000 - 0x00007ffefdc6e000 	C:\WINDOWS\System32\USER32.dll
0x00007ffefc7e0000 - 0x00007ffefc806000 	C:\WINDOWS\System32\win32u.dll
0x00007ffefeb00000 - 0x00007ffefeb29000 	C:\WINDOWS\System32\GDI32.dll
0x00007ffefc600000 - 0x00007ffefc718000 	C:\WINDOWS\System32\gdi32full.dll
0x00007ffefc810000 - 0x00007ffefc8aa000 	C:\WINDOWS\System32\msvcp_win.dll
0x00007ffee1a50000 - 0x00007ffee1ce3000 	C:\WINDOWS\WinSxS\amd64_microsoft.windows.common-controls_6595b64144ccf1df_6.0.22621.2506_none_270c5ae97388e100\COMCTL32.dll
0x00007ffefea50000 - 0x00007ffefeaf7000 	C:\WINDOWS\System32\msvcrt.dll
0x00007ffefed00000 - 0x00007ffefed31000 	C:\WINDOWS\System32\IMM32.DLL
0x00007ffef3850000 - 0x00007ffef385c000 	C:\Program Files\Android\Android Studio\jbr\bin\vcruntime140_1.dll
0x00007ffedf8d0000 - 0x00007ffedf95d000 	C:\Program Files\Android\Android Studio\jbr\bin\msvcp140.dll
0x00007ffeb4990000 - 0x00007ffeb5610000 	C:\Program Files\Android\Android Studio\jbr\bin\server\jvm.dll
0x00007ffefde00000 - 0x00007ffefdeb3000 	C:\WINDOWS\System32\ADVAPI32.dll
0x00007ffefdec0000 - 0x00007ffefdf68000 	C:\WINDOWS\System32\sechost.dll
0x00007ffefc550000 - 0x00007ffefc578000 	C:\WINDOWS\System32\bcrypt.dll
0x00007ffefee40000 - 0x00007ffefef57000 	C:\WINDOWS\System32\RPCRT4.dll
0x00007ffef3d80000 - 0x00007ffef3d89000 	C:\WINDOWS\SYSTEM32\WSOCK32.dll
0x00007ffefedc0000 - 0x00007ffefee31000 	C:\WINDOWS\System32\WS2_32.dll
0x00007ffef34b0000 - 0x00007ffef34e4000 	C:\WINDOWS\SYSTEM32\WINMM.dll
0x00007ffef4be0000 - 0x00007ffef4bea000 	C:\WINDOWS\SYSTEM32\VERSION.dll
0x00007ffefb550000 - 0x00007ffefb568000 	C:\WINDOWS\SYSTEM32\kernel.appcore.dll
0x00007ffef38a0000 - 0x00007ffef38aa000 	C:\Program Files\Android\Android Studio\jbr\bin\jimage.dll
0x00007ffef9e40000 - 0x00007ffefa073000 	C:\WINDOWS\SYSTEM32\DBGHELP.DLL
0x00007ffefe3f0000 - 0x00007ffefe779000 	C:\WINDOWS\System32\combase.dll
0x00007ffefef60000 - 0x00007ffeff037000 	C:\WINDOWS\System32\OLEAUT32.dll
0x00007ffedbd50000 - 0x00007ffedbd82000 	C:\WINDOWS\SYSTEM32\dbgcore.DLL
0x00007ffefc580000 - 0x00007ffefc5fa000 	C:\WINDOWS\System32\bcryptPrimitives.dll
0x00007ffeea570000 - 0x00007ffeea57e000 	C:\Program Files\Android\Android Studio\jbr\bin\instrument.dll
0x00007ffeeaac0000 - 0x00007ffeeaae5000 	C:\Program Files\Android\Android Studio\jbr\bin\java.dll
0x00007ffeea950000 - 0x00007ffeea968000 	C:\Program Files\Android\Android Studio\jbr\bin\zip.dll
0x00007ffefd100000 - 0x00007ffefd95b000 	C:\WINDOWS\System32\SHELL32.dll
0x00007ffefa460000 - 0x00007ffefad56000 	C:\WINDOWS\SYSTEM32\windows.storage.dll
0x00007ffefa320000 - 0x00007ffefa45e000 	C:\WINDOWS\SYSTEM32\wintypes.dll
0x00007ffeff040000 - 0x00007ffeff133000 	C:\WINDOWS\System32\SHCORE.dll
0x00007ffefdce0000 - 0x00007ffefdd3e000 	C:\WINDOWS\System32\shlwapi.dll
0x00007ffefc480000 - 0x00007ffefc4a6000 	C:\WINDOWS\SYSTEM32\profapi.dll
0x00007ffeea8a0000 - 0x00007ffeea8b9000 	C:\Program Files\Android\Android Studio\jbr\bin\net.dll
0x00007ffef2eb0000 - 0x00007ffef2fe7000 	C:\WINDOWS\SYSTEM32\WINHTTP.dll
0x00007ffefb9c0000 - 0x00007ffefba29000 	C:\WINDOWS\system32\mswsock.dll
0x00007ffeea880000 - 0x00007ffeea896000 	C:\Program Files\Android\Android Studio\jbr\bin\nio.dll
0x00007ffeeb920000 - 0x00007ffeeb930000 	C:\Program Files\Android\Android Studio\jbr\bin\verify.dll
0x00007ffee9f30000 - 0x00007ffee9f57000 	C:\Users\eduar\.gradle\native\68d5fa5c4cc2d200863cafc0d521ce42e7d3e7ee720ec0a83991735586a16f82\windows-amd64\native-platform.dll
0x00007ffeccac0000 - 0x00007ffeccc04000 	C:\Users\eduar\.gradle\native\e376f236ea51e6404a007f0833ffe2c6e607c4080706a723a18a27aeea778392\windows-amd64\native-platform-file-events.dll
0x00007ffeea940000 - 0x00007ffeea949000 	C:\Program Files\Android\Android Studio\jbr\bin\management.dll
0x00007ffeea580000 - 0x00007ffeea58b000 	C:\Program Files\Android\Android Studio\jbr\bin\management_ext.dll
0x00007ffefeb30000 - 0x00007ffefeb38000 	C:\WINDOWS\System32\PSAPI.DLL
0x00007ffefbd10000 - 0x00007ffefbd2b000 	C:\WINDOWS\SYSTEM32\CRYPTSP.dll
0x00007ffefb4b0000 - 0x00007ffefb4e5000 	C:\WINDOWS\system32\rsaenh.dll
0x00007ffefba60000 - 0x00007ffefba8c000 	C:\WINDOWS\SYSTEM32\USERENV.dll
0x00007ffefbcf0000 - 0x00007ffefbcfc000 	C:\WINDOWS\SYSTEM32\CRYPTBASE.dll
0x00007ffefafc0000 - 0x00007ffefafed000 	C:\WINDOWS\SYSTEM32\IPHLPAPI.DLL
0x00007ffefdcd0000 - 0x00007ffefdcd9000 	C:\WINDOWS\System32\NSI.dll
0x00007ffef2e40000 - 0x00007ffef2e59000 	C:\WINDOWS\SYSTEM32\dhcpcsvc6.DLL
0x00007ffef2ce0000 - 0x00007ffef2cff000 	C:\WINDOWS\SYSTEM32\dhcpcsvc.DLL
0x00007ffefb030000 - 0x00007ffefb129000 	C:\WINDOWS\SYSTEM32\DNSAPI.dll
0x00007ffeeb9d0000 - 0x00007ffeeb9d8000 	C:\WINDOWS\system32\wshunix.dll

dbghelp: loaded successfully - version: 4.0.5 - missing functions: none
symbol engine: initialized successfully - sym options: 0x614 - pdb path: .;C:\Program Files\Android\Android Studio\jbr\bin;C:\WINDOWS\SYSTEM32;C:\WINDOWS\WinSxS\amd64_microsoft.windows.common-controls_6595b64144ccf1df_6.0.22621.2506_none_270c5ae97388e100;C:\Program Files\Android\Android Studio\jbr\bin\server;C:\Users\eduar\.gradle\native\68d5fa5c4cc2d200863cafc0d521ce42e7d3e7ee720ec0a83991735586a16f82\windows-amd64;C:\Users\eduar\.gradle\native\e376f236ea51e6404a007f0833ffe2c6e607c4080706a723a18a27aeea778392\windows-amd64

VM Arguments:
jvm_args: --add-opens=java.base/java.util=ALL-UNNAMED --add-opens=java.base/java.lang=ALL-UNNAMED --add-opens=java.base/java.lang.invoke=ALL-UNNAMED --add-opens=java.prefs/java.util.prefs=ALL-UNNAMED --add-opens=java.base/java.nio.charset=ALL-UNNAMED --add-opens=java.base/java.net=ALL-UNNAMED --add-opens=java.base/java.util.concurrent.atomic=ALL-UNNAMED -Xmx2048m -Dfile.encoding=UTF-8 -Duser.country=AR -Duser.language=es -Duser.variant -javaagent:C:\Users\eduar\.gradle\wrapper\dists\gradle-8.2-bin\bbg7u40eoinfdyxsxr3z4i7ta\gradle-8.2\lib\agents\gradle-instrumentation-agent-8.2.jar 
java_command: org.gradle.launcher.daemon.bootstrap.GradleDaemon 8.2
java_class_path (initial): C:\Users\eduar\.gradle\wrapper\dists\gradle-8.2-bin\bbg7u40eoinfdyxsxr3z4i7ta\gradle-8.2\lib\gradle-launcher-8.2.jar
Launcher Type: SUN_STANDARD

[Global flags]
     intx CICompilerCount                          = 3                                         {product} {ergonomic}
     uint ConcGCThreads                            = 1                                         {product} {ergonomic}
     uint G1ConcRefinementThreads                  = 4                                         {product} {ergonomic}
   size_t G1HeapRegionSize                         = 1048576                                   {product} {ergonomic}
    uintx GCDrainStackTargetSize                   = 64                                        {product} {ergonomic}
   size_t InitialHeapSize                          = 31457280                                  {product} {ergonomic}
   size_t MarkStackSize                            = 4194304                                   {product} {ergonomic}
   size_t MaxHeapSize                              = 2147483648                                {product} {command line}
   size_t MaxNewSize                               = 1287651328                                {product} {ergonomic}
   size_t MinHeapDeltaBytes                        = 1048576                                   {product} {ergonomic}
   size_t MinHeapSize                              = 8388608                                   {product} {ergonomic}
    uintx NonNMethodCodeHeapSize                   = 5832780                                {pd product} {ergonomic}
    uintx NonProfiledCodeHeapSize                  = 122912730                              {pd product} {ergonomic}
    uintx ProfiledCodeHeapSize                     = 122912730                              {pd product} {ergonomic}
    uintx ReservedCodeCacheSize                    = 251658240                              {pd product} {ergonomic}
     bool SegmentedCodeCache                       = true                                      {product} {ergonomic}
   size_t SoftMaxHeapSize                          = 2147483648                             {manageable} {ergonomic}
     bool UseCompressedClassPointers               = true                           {product lp64_product} {ergonomic}
     bool UseCompressedOops                        = true                           {product lp64_product} {ergonomic}
     bool UseG1GC                                  = true                                      {product} {ergonomic}
     bool UseLargePagesIndividualAllocation        = false                                  {pd product} {ergonomic}

Logging:
Log output configuration:
 #0: stdout all=warning uptime,level,tags
 #1: stderr all=off uptime,level,tags

Environment Variables:
JAVA_HOME=C:\Users\eduar\OneDrive\Documentos\jdk-20
PATH=C:\WINDOWS\system32;C:\WINDOWS;C:\WINDOWS\System32\Wbem;C:\WINDOWS\System32\WindowsPowerShell\v1.0\;C:\WINDOWS\System32\OpenSSH\;C:\Program Files\Git\cmd;C:\Users\eduar\AppData\Local\Microsoft\WindowsApps;C:\Users\eduar\OneDrive\Documentos\jdk-20\bin;;C:\Program Files\JetBrains\IntelliJ IDEA Community Edition 2022.3.3\bin;
USERNAME=eduar
OS=Windows_NT
PROCESSOR_IDENTIFIER=Intel64 Family 6 Model 122 Stepping 8, GenuineIntel
TMP=C:\Users\eduar\AppData\Local\Temp
TEMP=C:\Users\eduar\AppData\Local\Temp


JNI global refs:
JNI global refs: 24, weak refs: 1

JNI global refs memory usage: 843, weak refs: 841

OOME stack traces (most recent first):
Classloader memory used:
Loader org.gradle.internal.classloader.VisitableURLClassLoader                         : 2738K
Loader bootstrap                                                                       : 2301K
Loader org.gradle.initialization.MixInLegacyTypesClassLoader                           : 479K
Loader jdk.internal.loader.ClassLoaders$PlatformClassLoader                            : 68853B
Loader jdk.internal.loader.ClassLoaders$AppClassLoader                                 : 28345B
Loader org.gradle.groovy.scripts.internal.DefaultScriptCompilationHandler$ScriptClassLoader: 6523B
Loader jdk.internal.reflect.DelegatingClassLoader                                      : 3966B
Loader org.codehaus.groovy.runtime.callsite.CallSiteClassLoader                        : 709B

Classes loaded by more than one classloader:
Class org.gradle.internal.installation.GradleInstallation                             : loaded 2 times (x 73B)
Class org.gradle.internal.classpath.ClassPath                                         : loaded 2 times (x 68B)
Class org.gradle.api.internal.classpath.DefaultModuleRegistry                         : loaded 2 times (x 84B)
Class org.gradle.api.Action                                                           : loaded 2 times (x 68B)
Class org.gradle.api.internal.DefaultClassPathProvider                                : loaded 2 times (x 74B)
Class org.gradle.internal.installation.GradleInstallation$1                           : loaded 2 times (x 73B)
Class org.gradle.internal.classloader.FilteringClassLoader                            : loaded 2 times (x 102B)
Class org.gradle.internal.classpath.DefaultClassPath$ImmutableUniqueList$Builder      : loaded 2 times (x 73B)
Class org.gradle.internal.classloader.ClassLoaderVisitor                              : loaded 2 times (x 74B)
Class org.gradle.internal.service.DefaultServiceLocator                               : loaded 2 times (x 81B)
Class org.gradle.internal.service.UnknownServiceException                             : loaded 2 times (x 81B)
Class org.gradle.internal.classloader.DefaultClassLoaderFactory                       : loaded 2 times (x 80B)
Class org.gradle.internal.classloader.VisitableURLClassLoader$Spec                    : loaded 2 times (x 72B)
Class org.gradle.api.GradleException                                                  : loaded 2 times (x 80B)
Class org.gradle.api.internal.classpath.ModuleRegistry                                : loaded 2 times (x 68B)
Class org.gradle.api.internal.ClassPathProvider                                       : loaded 2 times (x 68B)
Class org.gradle.internal.classloader.ClasspathUtil$1                                 : loaded 2 times (x 74B)
Class org.gradle.internal.classloader.ClassLoaderFactory                              : loaded 2 times (x 68B)
Class org.gradle.api.internal.classpath.ManifestUtil                                  : loaded 2 times (x 69B)
Class org.gradle.api.specs.Spec                                                       : loaded 2 times (x 68B)
Class org.gradle.internal.IoActions                                                   : loaded 2 times (x 69B)
Class org.gradle.api.internal.classpath.EffectiveClassPath                            : loaded 2 times (x 88B)
Class settings_19s128pi0e6bjei82l0lybh0g                                              : loaded 2 times (x 177B)
Class org.gradle.internal.installation.CurrentGradleInstallation                      : loaded 2 times (x 71B)
Class org.gradle.internal.agents.InstrumentingClassLoader                             : loaded 2 times (x 68B)
Class org.gradle.internal.installation.CurrentGradleInstallationLocator               : loaded 2 times (x 69B)
Class org.gradle.api.internal.classpath.Module                                        : loaded 2 times (x 68B)
Class org.gradle.internal.service.CachingServiceLocator                               : loaded 2 times (x 80B)
Class org.gradle.internal.classpath.DefaultClassPath                                  : loaded 2 times (x 88B)
Class org.gradle.internal.classloader.SystemClassLoaderSpec                           : loaded 2 times (x 69B)
Class org.gradle.api.UncheckedIOException                                             : loaded 2 times (x 80B)
Class org.gradle.internal.classloader.ClasspathUtil                                   : loaded 2 times (x 69B)
Class org.gradle.api.internal.DefaultClassPathRegistry                                : loaded 2 times (x 74B)
Class org.gradle.api.internal.classpath.DefaultModuleRegistry$DefaultModule           : loaded 2 times (x 84B)
Class org.gradle.api.internal.classpath.UnknownModuleException                        : loaded 2 times (x 80B)
Class org.gradle.internal.service.ServiceLookupException                              : loaded 2 times (x 80B)
Class org.gradle.cache.GlobalCache                                                    : loaded 2 times (x 68B)
Class [Lorg.gradle.api.internal.ClassPathProvider;                                    : loaded 2 times (x 67B)
Class org.gradle.util.internal.GUtil                                                  : loaded 2 times (x 69B)
Class org.gradle.internal.classloader.ClassLoaderSpec                                 : loaded 2 times (x 69B)
Class settings_19s128pi0e6bjei82l0lybh0g$_run_closure1$_closure2                      : loaded 2 times (x 134B)
Class org.gradle.internal.classloader.VisitableURLClassLoader                         : loaded 2 times (x 114B)
Class org.gradle.internal.Cast                                                        : loaded 2 times (x 69B)
Class settings_19s128pi0e6bjei82l0lybh0g$_run_closure1                                : loaded 2 times (x 134B)
Class org.gradle.api.internal.ClassPathRegistry                                       : loaded 2 times (x 68B)
Class org.gradle.internal.classloader.VisitableURLClassLoader$InstrumentingVisitableURLClassLoader: loaded 2 times (x 120B)
Class org.gradle.internal.classloader.ClassLoaderHierarchy                            : loaded 2 times (x 68B)
Class org.gradle.internal.InternalTransformer                                         : loaded 2 times (x 68B)
Class org.gradle.internal.service.ServiceLocator                                      : loaded 2 times (x 68B)
Class org.gradle.internal.classpath.DefaultClassPath$ImmutableUniqueList              : loaded 2 times (x 159B)
Class org.gradle.internal.classpath.TransformedClassPath                              : loaded 2 times (x 94B)


---------------  S Y S T E M  ---------------

OS:
 Windows 11 , 64 bit Build 22621 (10.0.22621.3085)
OS uptime: 0 days 8:32 hours
Hyper-V role detected

CPU: total 4 (initial active 4) (4 cores per cpu, 1 threads per core) family 6 model 122 stepping 8 microcode 0x20, cx8, cmov, fxsr, mmx, 3dnowpref, sse, sse2, sse3, ssse3, sse4.1, sse4.2, popcnt, tsc, tscinvbit, aes, erms, clmul, sha, clflush, clflushopt, hv

Memory: 4k page, system-wide physical 1868M (97M free)
TotalPageFile size 7500M (AvailPageFile size 6M)
current process WorkingSet (physical memory assigned to process): 137M, peak: 137M
current process commit charge ("private bytes"): 274M, peak: 276M

vm_info: OpenJDK 64-Bit Server VM (17.0.7+0-b2043.56-10550314) for windows-amd64 JRE (17.0.7+0-b2043.56-10550314), built on Jul 24 2023 18:27:45 by "androidbuild" with MS VC++ 16.10 / 16.11 (VS2019)

END.
