#
# There is insufficient memory for the Java Runtime Environment to continue.
# Native memory allocation (mmap) failed to map 30408704 bytes for G1 virtual space
# Possible reasons:
#   The system is out of physical RAM or swap space
#   The process is running with CompressedOops enabled, and the Java Heap may be blocking the growth of the native heap
# Possible solutions:
#   Reduce memory load on the system
#   Increase physical memory or swap space
#   Check if swap backing store is full
#   Decrease Java heap size (-Xmx/-Xms)
#   Decrease number of Java threads
#   Decrease Java thread stack sizes (-Xss)
#   Set larger code cache with -XX:ReservedCodeCacheSize=
#   JVM is running with Unscaled Compressed Oops mode in which the Java heap is
#     placed in the first 4GB address space. The Java Heap base address is the
#     maximum limit for the native heap growth. Please use -XX:HeapBaseMinAddress
#     to set the Java Heap base and to place the Java Heap above 4GB virtual address.
# This output file may be truncated or incomplete.
#
#  Out of Memory Error (os_windows.cpp:3771), pid=10420, tid=1444
#
# JRE version: OpenJDK Runtime Environment (17.0.7) (build 17.0.7+0-b2043.56-10550314)
# Java VM: OpenJDK 64-Bit Server VM (17.0.7+0-b2043.56-10550314, mixed mode, tiered, compressed oops, compressed class ptrs, g1 gc, windows-amd64)
# No core dump will be written. Minidumps are not enabled by default on client versions of Windows
#

---------------  S U M M A R Y ------------

Command Line: --add-opens=java.base/java.util=ALL-UNNAMED --add-opens=java.base/java.lang=ALL-UNNAMED --add-opens=java.base/java.lang.invoke=ALL-UNNAMED --add-opens=java.prefs/java.util.prefs=ALL-UNNAMED --add-opens=java.base/java.nio.charset=ALL-UNNAMED --add-opens=java.base/java.net=ALL-UNNAMED --add-opens=java.base/java.util.concurrent.atomic=ALL-UNNAMED -Xmx2048m -Dfile.encoding=UTF-8 -Duser.country=AR -Duser.language=es -Duser.variant -javaagent:C:\Users\eduar\StudioProjects\PrograII-2024-KM\CalculadoraBasica\.gradle\wrapper\dists\gradle-8.2-bin\bbg7u40eoinfdyxsxr3z4i7ta\gradle-8.2\lib\agents\gradle-instrumentation-agent-8.2.jar org.gradle.launcher.daemon.bootstrap.GradleDaemon 8.2

Host: Intel(R) Celeron(R) N4120 CPU @ 1.10GHz, 4 cores, 1G,  Windows 11 , 64 bit Build 22621 (10.0.22621.3085)
Time: Fri Feb 16 19:11:51 2024 Hora estándar, América Central elapsed time: 174.430376 seconds (0d 0h 2m 54s)

---------------  T H R E A D  ---------------

Current thread (0x000001b0c041bf50):  VMThread "VM Thread" [stack: 0x0000005a53a00000,0x0000005a53b00000] [id=1444]

Stack: [0x0000005a53a00000,0x0000005a53b00000]
Native frames: (J=compiled Java code, j=interpreted, Vv=VM code, C=native code)
V  [jvm.dll+0x683bfa]
V  [jvm.dll+0x8430a4]
V  [jvm.dll+0x8449be]
V  [jvm.dll+0x845023]
V  [jvm.dll+0x24ad2f]
V  [jvm.dll+0x680ac9]
V  [jvm.dll+0x67519a]
V  [jvm.dll+0x30b3cb]
V  [jvm.dll+0x312876]
V  [jvm.dll+0x36221e]
V  [jvm.dll+0x36244f]
V  [jvm.dll+0x2e14a8]
V  [jvm.dll+0x2df684]
V  [jvm.dll+0x2dec8c]
V  [jvm.dll+0x32382b]
V  [jvm.dll+0x8496eb]
V  [jvm.dll+0x84a424]
V  [jvm.dll+0x84a93d]
V  [jvm.dll+0x84ad14]
V  [jvm.dll+0x84ade0]
V  [jvm.dll+0x7f2aea]
V  [jvm.dll+0x682a35]
C  [ucrtbase.dll+0x29363]
C  [KERNEL32.DLL+0x1257d]
C  [ntdll.dll+0x5aa58]

VM_Operation (0x0000005a562fc380): G1CollectForAllocation, mode: safepoint, requested by thread 0x000001b0c6d513c0


---------------  P R O C E S S  ---------------

Threads class SMR info:
_java_thread_list=0x000001b0c8f72d70, length=78, elements={
0x000001b0a6e9f820, 0x000001b0c043f150, 0x000001b0c043fcd0, 0x000001b0c046f8e0,
0x000001b0c0470490, 0x000001b0c0471040, 0x000001b0c0473a00, 0x000001b0c0475420,
0x000001b0c0475ec0, 0x000001b0c07110a0, 0x000001b0c082e430, 0x000001b0c0956220,
0x000001b0c5e866b0, 0x000001b0c5e84500, 0x000001b0c5e87520, 0x000001b0c5e87050,
0x000001b0c5e85370, 0x000001b0c5e849d0, 0x000001b0c5e84ea0, 0x000001b0c5e85840,
0x000001b0c5e85d10, 0x000001b0c5e86b80, 0x000001b0c5e87ec0, 0x000001b0c5e861e0,
0x000001b0c7727a20, 0x000001b0c7728890, 0x000001b0c77266e0, 0x000001b0c772a0a0,
0x000001b0c77283c0, 0x000001b0c7729230, 0x000001b0c7726bb0, 0x000001b0c7728d60,
0x000001b0c7729700, 0x000001b0c7727ef0, 0x000001b0c6d52700, 0x000001b0c6d513c0,
0x000001b0c6d52bd0, 0x000001b0c6d548b0, 0x000001b0c6d54d80, 0x000001b0c6d50a20,
0x000001b0c6d530a0, 0x000001b0c6d51890, 0x000001b0c6d52230, 0x000001b0c6d53f10,
0x000001b0c6d560c0, 0x000001b0c6d51d60, 0x000001b0c6d543e0, 0x000001b0c6d55250,
0x000001b0c6d55720, 0x000001b0c6d55bf0, 0x000001b0c6d56590, 0x000001b0c6d56f30,
0x000001b0c6d578d0, 0x000001b0c6d50080, 0x000001b0c6d50550, 0x000001b0c6d50ef0,
0x000001b0c6a70260, 0x000001b0c6a73750, 0x000001b0c6a74f60, 0x000001b0c6a72db0,
0x000001b0c6a6f8c0, 0x000001b0c6a70730, 0x000001b0c6a72410, 0x000001b0c6a710d0,
0x000001b0c6a715a0, 0x000001b0c6a728e0, 0x000001b0c6a6e0b0, 0x000001b0c6a6fd90,
0x000001b0c6a71a70, 0x000001b0c6a745c0, 0x000001b0c6a71f40, 0x000001b0c6a73280,
0x000001b0c6a73c20, 0x000001b0c6a74a90, 0x000001b0c6a6ea50, 0x000001b0c6a6d710,
0x000001b0c6a6ef20, 0x000001b0c6a6dbe0
}

Java Threads: ( => current thread )
  0x000001b0a6e9f820 JavaThread "main" [_thread_blocked, id=10708, stack(0x0000005a53400000,0x0000005a53500000)]
  0x000001b0c043f150 JavaThread "Reference Handler" daemon [_thread_blocked, id=11072, stack(0x0000005a53b00000,0x0000005a53c00000)]
  0x000001b0c043fcd0 JavaThread "Finalizer" daemon [_thread_blocked, id=1256, stack(0x0000005a53c00000,0x0000005a53d00000)]
  0x000001b0c046f8e0 JavaThread "Signal Dispatcher" daemon [_thread_blocked, id=7964, stack(0x0000005a53d00000,0x0000005a53e00000)]
  0x000001b0c0470490 JavaThread "Attach Listener" daemon [_thread_blocked, id=7216, stack(0x0000005a53e00000,0x0000005a53f00000)]
  0x000001b0c0471040 JavaThread "Service Thread" daemon [_thread_blocked, id=6880, stack(0x0000005a53f00000,0x0000005a54000000)]
  0x000001b0c0473a00 JavaThread "Monitor Deflation Thread" daemon [_thread_blocked, id=10900, stack(0x0000005a54000000,0x0000005a54100000)]
  0x000001b0c0475420 JavaThread "C2 CompilerThread0" daemon [_thread_blocked, id=5752, stack(0x0000005a54100000,0x0000005a54200000)]
  0x000001b0c0475ec0 JavaThread "C1 CompilerThread0" daemon [_thread_blocked, id=10476, stack(0x0000005a54200000,0x0000005a54300000)]
  0x000001b0c07110a0 JavaThread "Sweeper thread" daemon [_thread_blocked, id=10340, stack(0x0000005a54300000,0x0000005a54400000)]
  0x000001b0c082e430 JavaThread "Common-Cleaner" daemon [_thread_blocked, id=10436, stack(0x0000005a54400000,0x0000005a54500000)]
  0x000001b0c0956220 JavaThread "Notification Thread" daemon [_thread_blocked, id=6432, stack(0x0000005a54500000,0x0000005a54600000)]
  0x000001b0c5e866b0 JavaThread "Daemon health stats" [_thread_blocked, id=1672, stack(0x0000005a54a00000,0x0000005a54b00000)]
  0x000001b0c5e84500 JavaThread "Incoming local TCP Connector on port 51377" [_thread_in_native, id=7108, stack(0x0000005a54b00000,0x0000005a54c00000)]
  0x000001b0c5e87520 JavaThread "Daemon periodic checks" [_thread_blocked, id=7144, stack(0x0000005a54c00000,0x0000005a54d00000)]
  0x000001b0c5e87050 JavaThread "Daemon" [_thread_blocked, id=5476, stack(0x0000005a54d00000,0x0000005a54e00000)]
  0x000001b0c5e85370 JavaThread "Handler for socket connection from /127.0.0.1:51377 to /127.0.0.1:51378" [_thread_in_native, id=9992, stack(0x0000005a54e00000,0x0000005a54f00000)]
  0x000001b0c5e849d0 JavaThread "Cancel handler" [_thread_blocked, id=1132, stack(0x0000005a54f00000,0x0000005a55000000)]
  0x000001b0c5e84ea0 JavaThread "Daemon worker" [_thread_blocked, id=2808, stack(0x0000005a55000000,0x0000005a55100000)]
  0x000001b0c5e85840 JavaThread "Asynchronous log dispatcher for DefaultDaemonConnection: socket connection from /127.0.0.1:51377 to /127.0.0.1:51378" [_thread_blocked, id=5116, stack(0x0000005a55100000,0x0000005a55200000)]
  0x000001b0c5e85d10 JavaThread "Daemon client event forwarder" [_thread_blocked, id=10304, stack(0x0000005a55300000,0x0000005a55400000)]
  0x000001b0c5e86b80 JavaThread "Cache worker for journal cache (C:\Users\eduar\StudioProjects\PrograII-2024-KM\CalculadoraBasica\.gradle\caches\journal-1)" [_thread_blocked, id=4280, stack(0x0000005a55400000,0x0000005a55500000)]
  0x000001b0c5e87ec0 JavaThread "File lock request listener" [_thread_in_native, id=7312, stack(0x0000005a55500000,0x0000005a55600000)]
  0x000001b0c5e861e0 JavaThread "Cache worker for file hash cache (C:\Users\eduar\StudioProjects\PrograII-2024-KM\CalculadoraBasica\.gradle\caches\8.2\fileHashes)" [_thread_blocked, id=9740, stack(0x0000005a55600000,0x0000005a55700000)]
  0x000001b0c7727a20 JavaThread "File watcher server" daemon [_thread_in_native, id=2132, stack(0x0000005a55700000,0x0000005a55800000)]
  0x000001b0c7728890 JavaThread "File watcher consumer" daemon [_thread_blocked, id=3356, stack(0x0000005a55800000,0x0000005a55900000)]
  0x000001b0c77266e0 JavaThread "Cache worker for checksums cache (C:\Users\eduar\StudioProjects\PrograII-2024-KM\CalculadoraBasica\.gradle\8.2\checksums)" [_thread_blocked, id=11140, stack(0x0000005a55900000,0x0000005a55a00000)]
  0x000001b0c772a0a0 JavaThread "Cache worker for cache directory md-rule (C:\Users\eduar\StudioProjects\PrograII-2024-KM\CalculadoraBasica\.gradle\caches\8.2\md-rule)" [_thread_blocked, id=10568, stack(0x0000005a55a00000,0x0000005a55b00000)]
  0x000001b0c77283c0 JavaThread "Cache worker for file content cache (C:\Users\eduar\StudioProjects\PrograII-2024-KM\CalculadoraBasica\.gradle\caches\8.2\fileContent)" [_thread_blocked, id=9220, stack(0x0000005a55b00000,0x0000005a55c00000)]
  0x000001b0c7729230 JavaThread "Cache worker for file hash cache (C:\Users\eduar\StudioProjects\PrograII-2024-KM\CalculadoraBasica\.gradle\8.2\fileHashes)" [_thread_blocked, id=2372, stack(0x0000005a55c00000,0x0000005a55d00000)]
  0x000001b0c7726bb0 JavaThread "Cache worker for cache directory md-supplier (C:\Users\eduar\StudioProjects\PrograII-2024-KM\CalculadoraBasica\.gradle\caches\8.2\md-supplier)" [_thread_blocked, id=6064, stack(0x0000005a55d00000,0x0000005a55e00000)]
  0x000001b0c7728d60 JavaThread "Cache worker for execution history cache (C:\Users\eduar\StudioProjects\PrograII-2024-KM\CalculadoraBasica\.gradle\caches\8.2\executionHistory)" [_thread_blocked, id=6764, stack(0x0000005a55e00000,0x0000005a55f00000)]
  0x000001b0c7729700 JavaThread "jar transforms" [_thread_blocked, id=3852, stack(0x0000005a55f00000,0x0000005a56000000)]
  0x000001b0c7727ef0 JavaThread "jar transforms Thread 2" [_thread_blocked, id=10552, stack(0x0000005a56000000,0x0000005a56100000)]
  0x000001b0c6d52700 JavaThread "jar transforms Thread 3" [_thread_blocked, id=9136, stack(0x0000005a56100000,0x0000005a56200000)]
  0x000001b0c6d513c0 JavaThread "jar transforms Thread 4" [_thread_blocked, id=10428, stack(0x0000005a56200000,0x0000005a56300000)]
  0x000001b0c6d52bd0 JavaThread "Cache worker for dependencies-accessors (C:\Users\eduar\StudioProjects\PrograII-2024-KM\CalculadoraBasica\.gradle\8.2\dependencies-accessors)" [_thread_blocked, id=2732, stack(0x0000005a56300000,0x0000005a56400000)]
  0x000001b0c6d548b0 JavaThread "Cache worker for Build Output Cleanup Cache (C:\Users\eduar\StudioProjects\PrograII-2024-KM\CalculadoraBasica\.gradle\buildOutputCleanup)" [_thread_blocked, id=6588, stack(0x0000005a56500000,0x0000005a56600000)]
  0x000001b0c6d54d80 JavaThread "Unconstrained build operations" [_thread_blocked, id=7100, stack(0x0000005a56600000,0x0000005a56700000)]
  0x000001b0c6d50a20 JavaThread "Unconstrained build operations Thread 2" [_thread_blocked, id=5364, stack(0x0000005a56700000,0x0000005a56800000)]
  0x000001b0c6d530a0 JavaThread "Unconstrained build operations Thread 3" [_thread_blocked, id=10000, stack(0x0000005a56800000,0x0000005a56900000)]
  0x000001b0c6d51890 JavaThread "Unconstrained build operations Thread 4" [_thread_blocked, id=7052, stack(0x0000005a56b00000,0x0000005a56c00000)]
  0x000001b0c6d52230 JavaThread "Unconstrained build operations Thread 5" [_thread_blocked, id=10964, stack(0x0000005a56c00000,0x0000005a56d00000)]
  0x000001b0c6d53f10 JavaThread "Unconstrained build operations Thread 6" [_thread_blocked, id=6784, stack(0x0000005a56d00000,0x0000005a56e00000)]
  0x000001b0c6d560c0 JavaThread "Unconstrained build operations Thread 7" [_thread_blocked, id=10840, stack(0x0000005a56e00000,0x0000005a56f00000)]
  0x000001b0c6d51d60 JavaThread "Unconstrained build operations Thread 8" [_thread_blocked, id=10368, stack(0x0000005a56f00000,0x0000005a57000000)]
  0x000001b0c6d543e0 JavaThread "Unconstrained build operations Thread 9" [_thread_blocked, id=5784, stack(0x0000005a57000000,0x0000005a57100000)]
  0x000001b0c6d55250 JavaThread "Unconstrained build operations Thread 10" [_thread_blocked, id=128, stack(0x0000005a57100000,0x0000005a57200000)]
  0x000001b0c6d55720 JavaThread "Unconstrained build operations Thread 11" [_thread_blocked, id=2508, stack(0x0000005a57200000,0x0000005a57300000)]
  0x000001b0c6d55bf0 JavaThread "Unconstrained build operations Thread 12" [_thread_blocked, id=7556, stack(0x0000005a57300000,0x0000005a57400000)]
  0x000001b0c6d56590 JavaThread "Unconstrained build operations Thread 13" [_thread_blocked, id=10140, stack(0x0000005a57400000,0x0000005a57500000)]
  0x000001b0c6d56f30 JavaThread "Unconstrained build operations Thread 14" [_thread_blocked, id=7684, stack(0x0000005a57500000,0x0000005a57600000)]
  0x000001b0c6d578d0 JavaThread "Unconstrained build operations Thread 15" [_thread_blocked, id=10984, stack(0x0000005a57600000,0x0000005a57700000)]
  0x000001b0c6d50080 JavaThread "Unconstrained build operations Thread 16" [_thread_blocked, id=10672, stack(0x0000005a57700000,0x0000005a57800000)]
  0x000001b0c6d50550 JavaThread "Unconstrained build operations Thread 17" [_thread_blocked, id=9728, stack(0x0000005a57800000,0x0000005a57900000)]
  0x000001b0c6d50ef0 JavaThread "Unconstrained build operations Thread 18" [_thread_blocked, id=10832, stack(0x0000005a57900000,0x0000005a57a00000)]
  0x000001b0c6a70260 JavaThread "Unconstrained build operations Thread 19" [_thread_blocked, id=10220, stack(0x0000005a57a00000,0x0000005a57b00000)]
  0x000001b0c6a73750 JavaThread "Unconstrained build operations Thread 20" [_thread_blocked, id=5612, stack(0x0000005a57b00000,0x0000005a57c00000)]
  0x000001b0c6a74f60 JavaThread "Unconstrained build operations Thread 21" [_thread_blocked, id=10424, stack(0x0000005a57c00000,0x0000005a57d00000)]
  0x000001b0c6a72db0 JavaThread "Unconstrained build operations Thread 22" [_thread_blocked, id=5140, stack(0x0000005a57d00000,0x0000005a57e00000)]
  0x000001b0c6a6f8c0 JavaThread "Unconstrained build operations Thread 23" [_thread_blocked, id=8596, stack(0x0000005a57e00000,0x0000005a57f00000)]
  0x000001b0c6a70730 JavaThread "Unconstrained build operations Thread 24" [_thread_blocked, id=5676, stack(0x0000005a57f00000,0x0000005a58000000)]
  0x000001b0c6a72410 JavaThread "Unconstrained build operations Thread 25" [_thread_blocked, id=6116, stack(0x0000005a58000000,0x0000005a58100000)]
  0x000001b0c6a710d0 JavaThread "Unconstrained build operations Thread 26" [_thread_blocked, id=6280, stack(0x0000005a58100000,0x0000005a58200000)]
  0x000001b0c6a715a0 JavaThread "Unconstrained build operations Thread 27" [_thread_blocked, id=6352, stack(0x0000005a58200000,0x0000005a58300000)]
  0x000001b0c6a728e0 JavaThread "Unconstrained build operations Thread 28" [_thread_blocked, id=9512, stack(0x0000005a58300000,0x0000005a58400000)]
  0x000001b0c6a6e0b0 JavaThread "Unconstrained build operations Thread 29" [_thread_blocked, id=8696, stack(0x0000005a58400000,0x0000005a58500000)]
  0x000001b0c6a6fd90 JavaThread "Unconstrained build operations Thread 30" [_thread_blocked, id=11248, stack(0x0000005a58500000,0x0000005a58600000)]
  0x000001b0c6a71a70 JavaThread "Unconstrained build operations Thread 31" [_thread_blocked, id=8536, stack(0x0000005a58600000,0x0000005a58700000)]
  0x000001b0c6a745c0 JavaThread "Unconstrained build operations Thread 32" [_thread_blocked, id=7760, stack(0x0000005a58700000,0x0000005a58800000)]
  0x000001b0c6a71f40 JavaThread "Unconstrained build operations Thread 33" [_thread_blocked, id=11008, stack(0x0000005a58800000,0x0000005a58900000)]
  0x000001b0c6a73280 JavaThread "Unconstrained build operations Thread 34" [_thread_blocked, id=3400, stack(0x0000005a58900000,0x0000005a58a00000)]
  0x000001b0c6a73c20 JavaThread "Unconstrained build operations Thread 35" [_thread_blocked, id=9104, stack(0x0000005a58a00000,0x0000005a58b00000)]
  0x000001b0c6a74a90 JavaThread "Unconstrained build operations Thread 36" [_thread_blocked, id=10512, stack(0x0000005a58b00000,0x0000005a58c00000)]
  0x000001b0c6a6ea50 JavaThread "Unconstrained build operations Thread 37" [_thread_blocked, id=3732, stack(0x0000005a58c00000,0x0000005a58d00000)]
  0x000001b0c6a6d710 JavaThread "Unconstrained build operations Thread 38" [_thread_blocked, id=5556, stack(0x0000005a58d00000,0x0000005a58e00000)]
  0x000001b0c6a6ef20 JavaThread "Unconstrained build operations Thread 39" [_thread_blocked, id=2800, stack(0x0000005a58e00000,0x0000005a58f00000)]
  0x000001b0c6a6dbe0 JavaThread "Unconstrained build operations Thread 40" [_thread_blocked, id=8812, stack(0x0000005a58f00000,0x0000005a59000000)]

Other Threads:
=>0x000001b0c041bf50 VMThread "VM Thread" [stack: 0x0000005a53a00000,0x0000005a53b00000] [id=1444]
  0x000001b0c099fc40 WatcherThread [stack: 0x0000005a54600000,0x0000005a54700000] [id=9096]
  0x000001b0a6ef7cf0 GCTaskThread "GC Thread#0" [stack: 0x0000005a53500000,0x0000005a53600000] [id=9776]
  0x000001b0c5105d40 GCTaskThread "GC Thread#1" [stack: 0x0000005a54700000,0x0000005a54800000] [id=5256]
  0x000001b0c51062a0 GCTaskThread "GC Thread#2" [stack: 0x0000005a54800000,0x0000005a54900000] [id=10548]
  0x000001b0c5105ff0 GCTaskThread "GC Thread#3" [stack: 0x0000005a54900000,0x0000005a54a00000] [id=11168]
  0x000001b0a6f09c40 ConcurrentGCThread "G1 Main Marker" [stack: 0x0000005a53600000,0x0000005a53700000] [id=5136]
  0x000001b0a6f0be00 ConcurrentGCThread "G1 Conc#0" [stack: 0x0000005a53700000,0x0000005a53800000] [id=8356]
  0x000001b0a6f34280 ConcurrentGCThread "G1 Refine#0" [stack: 0x0000005a53800000,0x0000005a53900000] [id=6884]
  0x000001b0a6f34ca0 ConcurrentGCThread "G1 Service" [stack: 0x0000005a53900000,0x0000005a53a00000] [id=10464]

Threads with active compile tasks:
C2 CompilerThread0   174552 11102       4       org.objectweb.asm.ClassReader::readCode (5109 bytes)

VM state: at safepoint (normal execution)

VM Mutex/Monitor currently owned by a thread:  ([mutex/lock_event])
[0x000001b0a6e9a990] Threads_lock - owner thread: 0x000001b0c041bf50
[0x000001b0a6e99820] Heap_lock - owner thread: 0x000001b0c6d513c0

Heap address: 0x0000000080000000, size: 2048 MB, Compressed Oops mode: 32-bit

CDS archive(s) not mapped
Compressed class space mapped at: 0x0000000100000000-0x0000000140000000, reserved size: 1073741824
Narrow klass base: 0x0000000000000000, Narrow klass shift: 3, Narrow klass range: 0x140000000

GC Precious Log:
 CPUs: 4 total, 4 available
 Memory: 1868M
 Large Page Support: Disabled
 NUMA Support: Disabled
 Compressed Oops: Enabled (32-bit)
 Heap Region Size: 1M
 Heap Min Capacity: 8M
 Heap Initial Capacity: 30M
 Heap Max Capacity: 2G
 Pre-touch: Disabled
 Parallel Workers: 4
 Concurrent Workers: 1
 Concurrent Refinement Workers: 4
 Periodic GC: Disabled

Heap:
 garbage-first heap   total 148480K, used 49901K [0x0000000080000000, 0x0000000100000000)
  region size 1024K, 6 young (6144K), 6 survivors (6144K)
 Metaspace       used 70164K, committed 70592K, reserved 1114112K
  class space    used 8962K, committed 9152K, reserved 1048576K

Heap Regions: E=young(eden), S=young(survivor), O=old, HS=humongous(starts), HC=humongous(continues), CS=collection set, F=free, OA=open archive, CA=closed archive, TAMS=top-at-mark-start (previous, next)
|   0|0x0000000080000000, 0x0000000080100000, 0x0000000080100000|100%| O|  |TAMS 0x0000000080100000, 0x0000000080000000| Untracked 
|   1|0x0000000080100000, 0x0000000080200000, 0x0000000080200000|100%|HS|  |TAMS 0x0000000080200000, 0x0000000080100000| Complete 
|   2|0x0000000080200000, 0x0000000080300000, 0x0000000080300000|100%|HC|  |TAMS 0x0000000080300000, 0x0000000080200000| Complete 
|   3|0x0000000080300000, 0x0000000080400000, 0x0000000080400000|100%|HC|  |TAMS 0x0000000080400000, 0x0000000080300000| Complete 
|   4|0x0000000080400000, 0x0000000080500000, 0x0000000080500000|100%|HC|  |TAMS 0x0000000080500000, 0x0000000080400000| Complete 
|   5|0x0000000080500000, 0x0000000080600000, 0x0000000080600000|100%| O|  |TAMS 0x0000000080600000, 0x0000000080500000| Untracked 
|   6|0x0000000080600000, 0x0000000080700000, 0x0000000080700000|100%| O|  |TAMS 0x0000000080700000, 0x0000000080600000| Untracked 
|   7|0x0000000080700000, 0x0000000080800000, 0x0000000080800000|100%| O|  |TAMS 0x0000000080800000, 0x0000000080700000| Untracked 
|   8|0x0000000080800000, 0x0000000080900000, 0x0000000080900000|100%| O|  |TAMS 0x0000000080900000, 0x0000000080800000| Untracked 
|   9|0x0000000080900000, 0x0000000080a00000, 0x0000000080a00000|100%| O|  |TAMS 0x0000000080a00000, 0x0000000080900000| Untracked 
|  10|0x0000000080a00000, 0x0000000080b00000, 0x0000000080b00000|100%| O|  |TAMS 0x0000000080b00000, 0x0000000080a00000| Untracked 
|  11|0x0000000080b00000, 0x0000000080c00000, 0x0000000080c00000|100%| O|  |TAMS 0x0000000080c00000, 0x0000000080b00000| Untracked 
|  12|0x0000000080c00000, 0x0000000080d00000, 0x0000000080d00000|100%| O|  |TAMS 0x0000000080d00000, 0x0000000080c00000| Untracked 
|  13|0x0000000080d00000, 0x0000000080e00000, 0x0000000080e00000|100%| O|  |TAMS 0x0000000080e00000, 0x0000000080d00000| Untracked 
|  14|0x0000000080e00000, 0x0000000080f00000, 0x0000000080f00000|100%| O|  |TAMS 0x0000000080f00000, 0x0000000080e00000| Untracked 
|  15|0x0000000080f00000, 0x0000000081000000, 0x0000000081000000|100%| O|  |TAMS 0x0000000081000000, 0x0000000080f00000| Untracked 
|  16|0x0000000081000000, 0x0000000081100000, 0x0000000081100000|100%| O|  |TAMS 0x0000000081100000, 0x0000000081000000| Untracked 
|  17|0x0000000081100000, 0x0000000081200000, 0x0000000081200000|100%| O|  |TAMS 0x0000000081200000, 0x0000000081100000| Untracked 
|  18|0x0000000081200000, 0x0000000081300000, 0x0000000081300000|100%| O|  |TAMS 0x0000000081300000, 0x0000000081200000| Untracked 
|  19|0x0000000081300000, 0x0000000081400000, 0x0000000081400000|100%| O|  |TAMS 0x0000000081400000, 0x0000000081300000| Untracked 
|  20|0x0000000081400000, 0x0000000081500000, 0x0000000081500000|100%| O|  |TAMS 0x0000000081500000, 0x0000000081400000| Untracked 
|  21|0x0000000081500000, 0x0000000081600000, 0x0000000081600000|100%| O|  |TAMS 0x0000000081600000, 0x0000000081500000| Untracked 
|  22|0x0000000081600000, 0x0000000081700000, 0x0000000081700000|100%| O|  |TAMS 0x0000000081700000, 0x0000000081600000| Untracked 
|  23|0x0000000081700000, 0x0000000081800000, 0x0000000081800000|100%| O|  |TAMS 0x0000000081800000, 0x0000000081700000| Untracked 
|  24|0x0000000081800000, 0x0000000081900000, 0x0000000081900000|100%| O|  |TAMS 0x0000000081900000, 0x0000000081800000| Untracked 
|  25|0x0000000081900000, 0x0000000081a00000, 0x0000000081a00000|100%| O|  |TAMS 0x0000000081a00000, 0x0000000081900000| Untracked 
|  26|0x0000000081a00000, 0x0000000081b00000, 0x0000000081b00000|100%| O|  |TAMS 0x0000000081b00000, 0x0000000081a00000| Untracked 
|  27|0x0000000081b00000, 0x0000000081c00000, 0x0000000081c00000|100%| O|  |TAMS 0x0000000081c00000, 0x0000000081b00000| Untracked 
|  28|0x0000000081c00000, 0x0000000081d00000, 0x0000000081d00000|100%| O|  |TAMS 0x0000000081d00000, 0x0000000081c00000| Untracked 
|  29|0x0000000081d00000, 0x0000000081e00000, 0x0000000081e00000|100%| O|  |TAMS 0x0000000081e00000, 0x0000000081d00000| Untracked 
|  30|0x0000000081e00000, 0x0000000081f00000, 0x0000000081f00000|100%| O|  |TAMS 0x0000000081f00000, 0x0000000081e00000| Untracked 
|  31|0x0000000081f00000, 0x0000000082000000, 0x0000000082000000|100%| O|  |TAMS 0x0000000082000000, 0x0000000081f00000| Untracked 
|  32|0x0000000082000000, 0x0000000082100000, 0x0000000082100000|100%| O|  |TAMS 0x0000000082100000, 0x0000000082000000| Untracked 
|  33|0x0000000082100000, 0x0000000082200000, 0x0000000082200000|100%| O|  |TAMS 0x0000000082128a00, 0x0000000082100000| Untracked 
|  34|0x0000000082200000, 0x0000000082300000, 0x0000000082300000|100%| O|  |TAMS 0x0000000082200000, 0x0000000082200000| Untracked 
|  35|0x0000000082300000, 0x0000000082400000, 0x0000000082400000|100%| O|  |TAMS 0x0000000082400000, 0x0000000082300000| Untracked 
|  36|0x0000000082400000, 0x0000000082500000, 0x0000000082500000|100%| O|  |TAMS 0x0000000082500000, 0x0000000082400000| Untracked 
|  37|0x0000000082500000, 0x0000000082600000, 0x0000000082600000|100%| O|  |TAMS 0x0000000082600000, 0x0000000082500000| Untracked 
|  38|0x0000000082600000, 0x0000000082700000, 0x0000000082700000|100%| O|  |TAMS 0x0000000082600000, 0x0000000082600000| Untracked 
|  39|0x0000000082700000, 0x0000000082800000, 0x0000000082800000|100%| O|  |TAMS 0x0000000082700000, 0x0000000082700000| Untracked 
|  40|0x0000000082800000, 0x0000000082900000, 0x0000000082900000|100%|HS|  |TAMS 0x0000000082800000, 0x0000000082800000| Complete 
|  41|0x0000000082900000, 0x0000000082a00000, 0x0000000082a00000|100%|HS|  |TAMS 0x0000000082900000, 0x0000000082900000| Complete 
|  42|0x0000000082a00000, 0x0000000082abb600, 0x0000000082b00000| 73%| O|  |TAMS 0x0000000082a00000, 0x0000000082a00000| Untracked 
|  43|0x0000000082b00000, 0x0000000082b00000, 0x0000000082c00000|  0%| F|  |TAMS 0x0000000082b00000, 0x0000000082b00000| Untracked 
|  44|0x0000000082c00000, 0x0000000082c00000, 0x0000000082d00000|  0%| F|  |TAMS 0x0000000082c00000, 0x0000000082c00000| Untracked 
|  45|0x0000000082d00000, 0x0000000082d00000, 0x0000000082e00000|  0%| F|  |TAMS 0x0000000082d00000, 0x0000000082d00000| Untracked 
|  46|0x0000000082e00000, 0x0000000082e00000, 0x0000000082f00000|  0%| F|  |TAMS 0x0000000082e00000, 0x0000000082e00000| Untracked 
|  47|0x0000000082f00000, 0x0000000082f00000, 0x0000000083000000|  0%| F|  |TAMS 0x0000000082f00000, 0x0000000082f00000| Untracked 
|  48|0x0000000083000000, 0x0000000083000000, 0x0000000083100000|  0%| F|  |TAMS 0x0000000083000000, 0x0000000083000000| Untracked 
|  49|0x0000000083100000, 0x0000000083100000, 0x0000000083200000|  0%| F|  |TAMS 0x0000000083100000, 0x0000000083100000| Untracked 
|  50|0x0000000083200000, 0x0000000083200000, 0x0000000083300000|  0%| F|  |TAMS 0x0000000083200000, 0x0000000083200000| Untracked 
|  51|0x0000000083300000, 0x0000000083300000, 0x0000000083400000|  0%| F|  |TAMS 0x0000000083300000, 0x0000000083300000| Untracked 
|  52|0x0000000083400000, 0x0000000083400000, 0x0000000083500000|  0%| F|  |TAMS 0x0000000083400000, 0x0000000083400000| Untracked 
|  53|0x0000000083500000, 0x0000000083500000, 0x0000000083600000|  0%| F|  |TAMS 0x0000000083500000, 0x0000000083500000| Untracked 
|  54|0x0000000083600000, 0x0000000083600000, 0x0000000083700000|  0%| F|  |TAMS 0x0000000083600000, 0x0000000083600000| Untracked 
|  55|0x0000000083700000, 0x0000000083700000, 0x0000000083800000|  0%| F|  |TAMS 0x0000000083700000, 0x0000000083700000| Untracked 
|  56|0x0000000083800000, 0x0000000083800000, 0x0000000083900000|  0%| F|  |TAMS 0x0000000083800000, 0x0000000083800000| Untracked 
|  57|0x0000000083900000, 0x0000000083900000, 0x0000000083a00000|  0%| F|  |TAMS 0x0000000083900000, 0x0000000083900000| Untracked 
|  58|0x0000000083a00000, 0x0000000083a00000, 0x0000000083b00000|  0%| F|  |TAMS 0x0000000083a00000, 0x0000000083a00000| Untracked 
|  59|0x0000000083b00000, 0x0000000083c00000, 0x0000000083c00000|100%| S|CS|TAMS 0x0000000083b00000, 0x0000000083b00000| Complete 
|  60|0x0000000083c00000, 0x0000000083d00000, 0x0000000083d00000|100%| S|CS|TAMS 0x0000000083c00000, 0x0000000083c00000| Complete 
|  61|0x0000000083d00000, 0x0000000083e00000, 0x0000000083e00000|100%| S|CS|TAMS 0x0000000083d00000, 0x0000000083d00000| Complete 
|  62|0x0000000083e00000, 0x0000000083e00000, 0x0000000083f00000|  0%| F|  |TAMS 0x0000000083e00000, 0x0000000083e00000| Untracked 
|  63|0x0000000083f00000, 0x0000000083f00000, 0x0000000084000000|  0%| F|  |TAMS 0x0000000083f00000, 0x0000000083f00000| Untracked 
|  64|0x0000000084000000, 0x0000000084000000, 0x0000000084100000|  0%| F|  |TAMS 0x0000000084000000, 0x0000000084000000| Untracked 
|  65|0x0000000084100000, 0x0000000084200000, 0x0000000084200000|100%| S|CS|TAMS 0x0000000084100000, 0x0000000084100000| Complete 
|  66|0x0000000084200000, 0x0000000084300000, 0x0000000084300000|100%| S|CS|TAMS 0x0000000084200000, 0x0000000084200000| Complete 
|  67|0x0000000084300000, 0x0000000084300000, 0x0000000084400000|  0%| F|  |TAMS 0x0000000084300000, 0x0000000084300000| Untracked 
|  68|0x0000000084400000, 0x0000000084400000, 0x0000000084500000|  0%| F|  |TAMS 0x0000000084400000, 0x0000000084400000| Untracked 
|  69|0x0000000084500000, 0x0000000084600000, 0x0000000084600000|100%| S|CS|TAMS 0x0000000084500000, 0x0000000084500000| Complete 
|  70|0x0000000084600000, 0x0000000084600000, 0x0000000084700000|  0%| F|  |TAMS 0x0000000084600000, 0x0000000084600000| Untracked 
|  71|0x0000000084700000, 0x0000000084700000, 0x0000000084800000|  0%| F|  |TAMS 0x0000000084700000, 0x0000000084700000| Untracked 
|  72|0x0000000084800000, 0x0000000084800000, 0x0000000084900000|  0%| F|  |TAMS 0x0000000084800000, 0x0000000084800000| Untracked 
|  73|0x0000000084900000, 0x0000000084900000, 0x0000000084a00000|  0%| F|  |TAMS 0x0000000084900000, 0x0000000084900000| Untracked 
|  74|0x0000000084a00000, 0x0000000084a00000, 0x0000000084b00000|  0%| F|  |TAMS 0x0000000084a00000, 0x0000000084a00000| Untracked 
|  75|0x0000000084b00000, 0x0000000084b00000, 0x0000000084c00000|  0%| F|  |TAMS 0x0000000084b00000, 0x0000000084b00000| Untracked 
|  76|0x0000000084c00000, 0x0000000084c00000, 0x0000000084d00000|  0%| F|  |TAMS 0x0000000084c00000, 0x0000000084c00000| Untracked 
|  77|0x0000000084d00000, 0x0000000084d00000, 0x0000000084e00000|  0%| F|  |TAMS 0x0000000084d00000, 0x0000000084d00000| Untracked 
|  78|0x0000000084e00000, 0x0000000084e00000, 0x0000000084f00000|  0%| F|  |TAMS 0x0000000084e00000, 0x0000000084e00000| Untracked 
|  79|0x0000000084f00000, 0x0000000084f00000, 0x0000000085000000|  0%| F|  |TAMS 0x0000000084f00000, 0x0000000084f00000| Untracked 
|  80|0x0000000085000000, 0x0000000085000000, 0x0000000085100000|  0%| F|  |TAMS 0x0000000085000000, 0x0000000085000000| Untracked 
|  81|0x0000000085100000, 0x0000000085100000, 0x0000000085200000|  0%| F|  |TAMS 0x0000000085100000, 0x0000000085100000| Untracked 
|  82|0x0000000085200000, 0x0000000085200000, 0x0000000085300000|  0%| F|  |TAMS 0x0000000085200000, 0x0000000085200000| Untracked 
|  83|0x0000000085300000, 0x0000000085300000, 0x0000000085400000|  0%| F|  |TAMS 0x0000000085300000, 0x0000000085300000| Untracked 
|  84|0x0000000085400000, 0x0000000085400000, 0x0000000085500000|  0%| F|  |TAMS 0x0000000085400000, 0x0000000085400000| Untracked 
|  85|0x0000000085500000, 0x0000000085500000, 0x0000000085600000|  0%| F|  |TAMS 0x0000000085500000, 0x0000000085500000| Untracked 
|  86|0x0000000085600000, 0x0000000085600000, 0x0000000085700000|  0%| F|  |TAMS 0x0000000085600000, 0x0000000085600000| Untracked 
|  87|0x0000000085700000, 0x0000000085700000, 0x0000000085800000|  0%| F|  |TAMS 0x0000000085700000, 0x0000000085700000| Untracked 
|  88|0x0000000085800000, 0x0000000085800000, 0x0000000085900000|  0%| F|  |TAMS 0x0000000085800000, 0x0000000085800000| Untracked 
|  89|0x0000000085900000, 0x0000000085900000, 0x0000000085a00000|  0%| F|  |TAMS 0x0000000085900000, 0x0000000085900000| Untracked 
|  90|0x0000000085a00000, 0x0000000085a00000, 0x0000000085b00000|  0%| F|  |TAMS 0x0000000085a00000, 0x0000000085a00000| Untracked 
|  91|0x0000000085b00000, 0x0000000085b00000, 0x0000000085c00000|  0%| F|  |TAMS 0x0000000085b00000, 0x0000000085b00000| Untracked 
|  92|0x0000000085c00000, 0x0000000085c00000, 0x0000000085d00000|  0%| F|  |TAMS 0x0000000085c00000, 0x0000000085c00000| Untracked 
|  93|0x0000000085d00000, 0x0000000085d00000, 0x0000000085e00000|  0%| F|  |TAMS 0x0000000085d00000, 0x0000000085d00000| Untracked 
|  94|0x0000000085e00000, 0x0000000085e00000, 0x0000000085f00000|  0%| F|  |TAMS 0x0000000085e00000, 0x0000000085e00000| Untracked 
|  95|0x0000000085f00000, 0x0000000085f00000, 0x0000000086000000|  0%| F|  |TAMS 0x0000000085f00000, 0x0000000085f00000| Untracked 
|  96|0x0000000086000000, 0x0000000086000000, 0x0000000086100000|  0%| F|  |TAMS 0x0000000086000000, 0x0000000086000000| Untracked 
|  97|0x0000000086100000, 0x0000000086100000, 0x0000000086200000|  0%| F|  |TAMS 0x0000000086100000, 0x0000000086100000| Untracked 
|  98|0x0000000086200000, 0x0000000086200000, 0x0000000086300000|  0%| F|  |TAMS 0x0000000086200000, 0x0000000086200000| Untracked 
|  99|0x0000000086300000, 0x0000000086300000, 0x0000000086400000|  0%| F|  |TAMS 0x0000000086300000, 0x0000000086300000| Untracked 
| 100|0x0000000086400000, 0x0000000086400000, 0x0000000086500000|  0%| F|  |TAMS 0x0000000086400000, 0x0000000086400000| Untracked 
| 101|0x0000000086500000, 0x0000000086500000, 0x0000000086600000|  0%| F|  |TAMS 0x0000000086500000, 0x0000000086500000| Untracked 
| 102|0x0000000086600000, 0x0000000086600000, 0x0000000086700000|  0%| F|  |TAMS 0x0000000086600000, 0x0000000086600000| Untracked 
| 103|0x0000000086700000, 0x0000000086700000, 0x0000000086800000|  0%| F|  |TAMS 0x0000000086700000, 0x0000000086700000| Untracked 
| 104|0x0000000086800000, 0x0000000086800000, 0x0000000086900000|  0%| F|  |TAMS 0x0000000086800000, 0x0000000086800000| Untracked 
| 105|0x0000000086900000, 0x0000000086900000, 0x0000000086a00000|  0%| F|  |TAMS 0x0000000086900000, 0x0000000086900000| Untracked 
| 106|0x0000000086a00000, 0x0000000086a00000, 0x0000000086b00000|  0%| F|  |TAMS 0x0000000086a00000, 0x0000000086a00000| Untracked 
| 107|0x0000000086b00000, 0x0000000086b00000, 0x0000000086c00000|  0%| F|  |TAMS 0x0000000086b00000, 0x0000000086b00000| Untracked 
| 108|0x0000000086c00000, 0x0000000086c00000, 0x0000000086d00000|  0%| F|  |TAMS 0x0000000086c00000, 0x0000000086c00000| Untracked 
| 109|0x0000000086d00000, 0x0000000086d00000, 0x0000000086e00000|  0%| F|  |TAMS 0x0000000086d00000, 0x0000000086d00000| Untracked 
| 110|0x0000000086e00000, 0x0000000086e00000, 0x0000000086f00000|  0%| F|  |TAMS 0x0000000086e00000, 0x0000000086e00000| Untracked 
| 111|0x0000000086f00000, 0x0000000086f00000, 0x0000000087000000|  0%| F|  |TAMS 0x0000000086f00000, 0x0000000086f00000| Untracked 
| 112|0x0000000087000000, 0x0000000087000000, 0x0000000087100000|  0%| F|  |TAMS 0x0000000087000000, 0x0000000087000000| Untracked 
| 113|0x0000000087100000, 0x0000000087100000, 0x0000000087200000|  0%| F|  |TAMS 0x0000000087100000, 0x0000000087100000| Untracked 
| 114|0x0000000087200000, 0x0000000087200000, 0x0000000087300000|  0%| F|  |TAMS 0x0000000087200000, 0x0000000087200000| Untracked 
| 115|0x0000000087300000, 0x0000000087300000, 0x0000000087400000|  0%| F|  |TAMS 0x0000000087300000, 0x0000000087300000| Untracked 
| 116|0x0000000087400000, 0x0000000087400000, 0x0000000087500000|  0%| F|  |TAMS 0x0000000087400000, 0x0000000087400000| Untracked 
| 117|0x0000000087500000, 0x0000000087500000, 0x0000000087600000|  0%| F|  |TAMS 0x0000000087500000, 0x0000000087500000| Untracked 
| 118|0x0000000087600000, 0x0000000087600000, 0x0000000087700000|  0%| F|  |TAMS 0x0000000087600000, 0x0000000087600000| Untracked 
| 119|0x0000000087700000, 0x0000000087700000, 0x0000000087800000|  0%| F|  |TAMS 0x0000000087700000, 0x0000000087700000| Untracked 
| 120|0x0000000087800000, 0x0000000087800000, 0x0000000087900000|  0%| F|  |TAMS 0x0000000087800000, 0x0000000087800000| Untracked 
| 121|0x0000000087900000, 0x0000000087900000, 0x0000000087a00000|  0%| F|  |TAMS 0x0000000087900000, 0x0000000087900000| Untracked 
| 122|0x0000000087a00000, 0x0000000087a00000, 0x0000000087b00000|  0%| F|  |TAMS 0x0000000087a00000, 0x0000000087a00000| Untracked 
| 123|0x0000000087b00000, 0x0000000087b00000, 0x0000000087c00000|  0%| F|  |TAMS 0x0000000087b00000, 0x0000000087b00000| Untracked 
| 124|0x0000000087c00000, 0x0000000087c00000, 0x0000000087d00000|  0%| F|  |TAMS 0x0000000087c00000, 0x0000000087c00000| Untracked 
| 125|0x0000000087d00000, 0x0000000087d00000, 0x0000000087e00000|  0%| F|  |TAMS 0x0000000087d00000, 0x0000000087d00000| Untracked 
| 126|0x0000000087e00000, 0x0000000087e00000, 0x0000000087f00000|  0%| F|  |TAMS 0x0000000087e00000, 0x0000000087e00000| Untracked 
| 127|0x0000000087f00000, 0x0000000087f00000, 0x0000000088000000|  0%| F|  |TAMS 0x0000000087f00000, 0x0000000087f00000| Untracked 
| 128|0x0000000088000000, 0x0000000088000000, 0x0000000088100000|  0%| F|  |TAMS 0x0000000088000000, 0x0000000088000000| Untracked 
| 129|0x0000000088100000, 0x0000000088100000, 0x0000000088200000|  0%| F|  |TAMS 0x0000000088100000, 0x0000000088100000| Untracked 
| 130|0x0000000088200000, 0x0000000088200000, 0x0000000088300000|  0%| F|  |TAMS 0x0000000088200000, 0x0000000088200000| Untracked 
| 131|0x0000000088300000, 0x0000000088300000, 0x0000000088400000|  0%| F|  |TAMS 0x0000000088300000, 0x0000000088300000| Untracked 
| 132|0x0000000088400000, 0x0000000088400000, 0x0000000088500000|  0%| F|  |TAMS 0x0000000088400000, 0x0000000088400000| Untracked 
| 133|0x0000000088500000, 0x0000000088500000, 0x0000000088600000|  0%| F|  |TAMS 0x0000000088500000, 0x0000000088500000| Untracked 
| 134|0x0000000088600000, 0x0000000088600000, 0x0000000088700000|  0%| F|  |TAMS 0x0000000088600000, 0x0000000088600000| Untracked 
| 135|0x0000000088700000, 0x0000000088700000, 0x0000000088800000|  0%| F|  |TAMS 0x0000000088700000, 0x0000000088700000| Untracked 
| 136|0x0000000088800000, 0x0000000088800000, 0x0000000088900000|  0%| F|  |TAMS 0x0000000088800000, 0x0000000088800000| Untracked 
| 137|0x0000000088900000, 0x0000000088900000, 0x0000000088a00000|  0%| F|  |TAMS 0x0000000088900000, 0x0000000088900000| Untracked 
| 138|0x0000000088a00000, 0x0000000088a00000, 0x0000000088b00000|  0%| F|  |TAMS 0x0000000088a00000, 0x0000000088a00000| Untracked 
| 139|0x0000000088b00000, 0x0000000088b00000, 0x0000000088c00000|  0%| F|  |TAMS 0x0000000088b00000, 0x0000000088b00000| Untracked 
| 140|0x0000000088c00000, 0x0000000088c00000, 0x0000000088d00000|  0%| F|  |TAMS 0x0000000088c00000, 0x0000000088c00000| Untracked 
| 141|0x0000000088d00000, 0x0000000088d00000, 0x0000000088e00000|  0%| F|  |TAMS 0x0000000088d00000, 0x0000000088d00000| Untracked 
| 142|0x0000000088e00000, 0x0000000088e00000, 0x0000000088f00000|  0%| F|  |TAMS 0x0000000088e00000, 0x0000000088e00000| Untracked 
| 143|0x0000000088f00000, 0x0000000088f00000, 0x0000000089000000|  0%| F|  |TAMS 0x0000000088f00000, 0x0000000088f00000| Untracked 
| 144|0x0000000089000000, 0x0000000089000000, 0x0000000089100000|  0%| F|  |TAMS 0x0000000089000000, 0x0000000089000000| Untracked 

Card table byte_map: [0x000001b0b9770000,0x000001b0b9b70000] _byte_map_base: 0x000001b0b9370000

Marking Bits (Prev, Next): (CMBitMap*) 0x000001b0a6ef9350, (CMBitMap*) 0x000001b0a6ef9310
 Prev Bits: [0x000001b0bbf70000, 0x000001b0bdf70000)
 Next Bits: [0x000001b0b9f70000, 0x000001b0bbf70000)

Polling page: 0x000001b0a6660000

Metaspace:

Usage:
  Non-class:     59.77 MB used.
      Class:      8.75 MB used.
       Both:     68.52 MB used.

Virtual space:
  Non-class space:       64.00 MB reserved,      60.00 MB ( 94%) committed,  1 nodes.
      Class space:        1.00 GB reserved,       8.94 MB ( <1%) committed,  1 nodes.
             Both:        1.06 GB reserved,      68.94 MB (  6%) committed. 

Chunk freelists:
   Non-Class:  3.44 MB
       Class:  6.89 MB
        Both:  10.33 MB

MaxMetaspaceSize: unlimited
CompressedClassSpaceSize: 1.00 GB
Initial GC threshold: 21.00 MB
Current GC threshold: 109.69 MB
CDS: off
MetaspaceReclaimPolicy: balanced
 - commit_granule_bytes: 65536.
 - commit_granule_words: 8192.
 - virtual_space_node_default_size: 8388608.
 - enlarge_chunks_in_place: 1.
 - new_chunks_are_fully_committed: 0.
 - uncommit_free_chunks: 1.
 - use_allocation_guard: 0.
 - handle_deallocations: 1.


Internal statistics:

num_allocs_failed_limit: 0.
num_arena_births: 544.
num_arena_deaths: 6.
num_vsnodes_births: 2.
num_vsnodes_deaths: 0.
num_space_committed: 1103.
num_space_uncommitted: 0.
num_chunks_returned_to_freelist: 11.
num_chunks_taken_from_freelist: 2612.
num_chunk_merges: 0.
num_chunk_splits: 1749.
num_chunks_enlarged: 1243.
num_inconsistent_stats: 0.

CodeHeap 'non-profiled nmethods': size=120000Kb used=5510Kb max_used=5510Kb free=114490Kb
 bounds [0x000001b0b1e40000, 0x000001b0b23b0000, 0x000001b0b9370000]
CodeHeap 'profiled nmethods': size=120000Kb used=18711Kb max_used=18711Kb free=101288Kb
 bounds [0x000001b0aa370000, 0x000001b0ab5f0000, 0x000001b0b18a0000]
CodeHeap 'non-nmethods': size=5760Kb used=2375Kb max_used=2429Kb free=3384Kb
 bounds [0x000001b0b18a0000, 0x000001b0b1b10000, 0x000001b0b1e40000]
 total_blobs=10317 nmethods=9410 adapters=820
 compilation: enabled
              stopped_count=0, restarted_count=0
 full_count=0

Compilation events (20 events):
Event: 174.169 Thread 0x000001b0c0475ec0 11115       2       java.lang.CharacterData00::getProperties (32 bytes)
Event: 174.170 Thread 0x000001b0c0475ec0 nmethod 11115 0x000001b0aa567710 code [0x000001b0aa5678c0, 0x000001b0aa567a78]
Event: 174.202 Thread 0x000001b0c0475ec0 11116 %     3       org.objectweb.asm.AnnotationWriter::putParameterAnnotations @ 73 (173 bytes)
Event: 174.203 Thread 0x000001b0c0475ec0 nmethod 11116% 0x000001b0aa566910 code [0x000001b0aa566b60, 0x000001b0aa5672c8]
Event: 174.203 Thread 0x000001b0c0475ec0 11117       3       org.objectweb.asm.AnnotationWriter::putParameterAnnotations (173 bytes)
Event: 174.204 Thread 0x000001b0c0475ec0 nmethod 11117 0x000001b0aa565c10 code [0x000001b0aa565e40, 0x000001b0aa5664e8]
Event: 174.220 Thread 0x000001b0c0475ec0 11118       2       org.objectweb.asm.MethodWriter::visitTableSwitchInsn (120 bytes)
Event: 174.221 Thread 0x000001b0c0475ec0 nmethod 11118 0x000001b0aa565390 code [0x000001b0aa565580, 0x000001b0aa5658e8]
Event: 174.251 Thread 0x000001b0c0475ec0 11120       2       org.objectweb.asm.tree.ClassNode::visitMethod (31 bytes)
Event: 174.251 Thread 0x000001b0c0475ec0 nmethod 11120 0x000001b0aa564f10 code [0x000001b0aa5650c0, 0x000001b0aa565298]
Event: 174.251 Thread 0x000001b0c0475ec0 11121       2       org.objectweb.asm.tree.MethodNode::<init> (31 bytes)
Event: 174.252 Thread 0x000001b0c0475ec0 nmethod 11121 0x000001b0aa564a10 code [0x000001b0aa564bc0, 0x000001b0aa564dd8]
Event: 174.252 Thread 0x000001b0c0475ec0 11122       2       org.objectweb.asm.tree.MethodNode::visitMaxs (11 bytes)
Event: 174.252 Thread 0x000001b0c0475ec0 nmethod 11122 0x000001b0aa564690 code [0x000001b0aa564820, 0x000001b0aa564938]
Event: 174.264 Thread 0x000001b0c0475ec0 11123       2       org.gradle.internal.classpath.LambdaSerializationTransformer::generateSplitLambdaDeserializeMethod (33 bytes)
Event: 174.264 Thread 0x000001b0c0475ec0 nmethod 11123 0x000001b0aa564090 code [0x000001b0aa564240, 0x000001b0aa5644c8]
Event: 174.284 Thread 0x000001b0c0475ec0 11125       2       java.util.ArrayList$ArrayListSpliterator::tryAdvance (79 bytes)
Event: 174.285 Thread 0x000001b0c0475ec0 nmethod 11125 0x000001b0aa563910 code [0x000001b0aa563ae0, 0x000001b0aa563e48]
Event: 174.335 Thread 0x000001b0c0475ec0 11127       2       org.objectweb.asm.tree.AnnotationNode::visit (276 bytes)
Event: 174.338 Thread 0x000001b0c0475ec0 nmethod 11127 0x000001b0aa562890 code [0x000001b0aa562b80, 0x000001b0aa5635a8]

GC Heap History (20 events):
Event: 25.940 GC heap after
{Heap after GC invocations=41 (full 0):
 garbage-first heap   total 78848K, used 40813K [0x0000000080000000, 0x0000000100000000)
  region size 1024K, 4 young (4096K), 4 survivors (4096K)
 Metaspace       used 62383K, committed 62784K, reserved 1114112K
  class space    used 8283K, committed 8448K, reserved 1048576K
}
Event: 29.083 GC heap before
{Heap before GC invocations=41 (full 0):
 garbage-first heap   total 78848K, used 63341K [0x0000000080000000, 0x0000000100000000)
  region size 1024K, 26 young (26624K), 4 survivors (4096K)
 Metaspace       used 66715K, committed 67136K, reserved 1114112K
  class space    used 8827K, committed 9024K, reserved 1048576K
}
Event: 29.154 GC heap after
{Heap after GC invocations=42 (full 0):
 garbage-first heap   total 148480K, used 42056K [0x0000000080000000, 0x0000000100000000)
  region size 1024K, 2 young (2048K), 2 survivors (2048K)
 Metaspace       used 66715K, committed 67136K, reserved 1114112K
  class space    used 8827K, committed 9024K, reserved 1048576K
}
Event: 43.064 GC heap before
{Heap before GC invocations=43 (full 0):
 garbage-first heap   total 148480K, used 112712K [0x0000000080000000, 0x0000000100000000)
  region size 1024K, 72 young (73728K), 2 survivors (2048K)
 Metaspace       used 68698K, committed 69120K, reserved 1114112K
  class space    used 8899K, committed 9088K, reserved 1048576K
}
Event: 43.258 GC heap after
{Heap after GC invocations=44 (full 0):
 garbage-first heap   total 148480K, used 43973K [0x0000000080000000, 0x0000000100000000)
  region size 1024K, 4 young (4096K), 4 survivors (4096K)
 Metaspace       used 68698K, committed 69120K, reserved 1114112K
  class space    used 8899K, committed 9088K, reserved 1048576K
}
Event: 57.487 GC heap before
{Heap before GC invocations=44 (full 0):
 garbage-first heap   total 148480K, used 118725K [0x0000000080000000, 0x0000000100000000)
  region size 1024K, 78 young (79872K), 4 survivors (4096K)
 Metaspace       used 69198K, committed 69632K, reserved 1114112K
  class space    used 8904K, committed 9088K, reserved 1048576K
}
Event: 57.622 GC heap after
{Heap after GC invocations=45 (full 0):
 garbage-first heap   total 148480K, used 45622K [0x0000000080000000, 0x0000000100000000)
  region size 1024K, 5 young (5120K), 5 survivors (5120K)
 Metaspace       used 69198K, committed 69632K, reserved 1114112K
  class space    used 8904K, committed 9088K, reserved 1048576K
}
Event: 82.413 GC heap before
{Heap before GC invocations=45 (full 0):
 garbage-first heap   total 148480K, used 122422K [0x0000000080000000, 0x0000000100000000)
  region size 1024K, 80 young (81920K), 5 survivors (5120K)
 Metaspace       used 69396K, committed 69888K, reserved 1114112K
  class space    used 8921K, committed 9152K, reserved 1048576K
}
Event: 82.713 GC heap after
{Heap after GC invocations=46 (full 0):
 garbage-first heap   total 148480K, used 46059K [0x0000000080000000, 0x0000000100000000)
  region size 1024K, 6 young (6144K), 6 survivors (6144K)
 Metaspace       used 69396K, committed 69888K, reserved 1114112K
  class space    used 8921K, committed 9152K, reserved 1048576K
}
Event: 109.503 GC heap before
{Heap before GC invocations=46 (full 0):
 garbage-first heap   total 148480K, used 124907K [0x0000000080000000, 0x0000000100000000)
  region size 1024K, 83 young (84992K), 6 survivors (6144K)
 Metaspace       used 69470K, committed 69952K, reserved 1114112K
  class space    used 8921K, committed 9152K, reserved 1048576K
}
Event: 109.765 GC heap after
{Heap after GC invocations=47 (full 0):
 garbage-first heap   total 148480K, used 45874K [0x0000000080000000, 0x0000000100000000)
  region size 1024K, 6 young (6144K), 6 survivors (6144K)
 Metaspace       used 69470K, committed 69952K, reserved 1114112K
  class space    used 8921K, committed 9152K, reserved 1048576K
}
Event: 168.769 GC heap before
{Heap before GC invocations=47 (full 0):
 garbage-first heap   total 148480K, used 127794K [0x0000000080000000, 0x0000000100000000)
  region size 1024K, 84 young (86016K), 6 survivors (6144K)
 Metaspace       used 69688K, committed 70208K, reserved 1114112K
  class space    used 8935K, committed 9152K, reserved 1048576K
}
Event: 169.028 GC heap after
{Heap after GC invocations=48 (full 0):
 garbage-first heap   total 148480K, used 48652K [0x0000000080000000, 0x0000000100000000)
  region size 1024K, 6 young (6144K), 6 survivors (6144K)
 Metaspace       used 69688K, committed 70208K, reserved 1114112K
  class space    used 8935K, committed 9152K, reserved 1048576K
}
Event: 172.129 GC heap before
{Heap before GC invocations=48 (full 0):
 garbage-first heap   total 148480K, used 125452K [0x0000000080000000, 0x0000000100000000)
  region size 1024K, 82 young (83968K), 6 survivors (6144K)
 Metaspace       used 70102K, committed 70592K, reserved 1114112K
  class space    used 8962K, committed 9152K, reserved 1048576K
}
Event: 172.265 GC heap after
{Heap after GC invocations=49 (full 0):
 garbage-first heap   total 148480K, used 49413K [0x0000000080000000, 0x0000000100000000)
  region size 1024K, 6 young (6144K), 6 survivors (6144K)
 Metaspace       used 70102K, committed 70592K, reserved 1114112K
  class space    used 8962K, committed 9152K, reserved 1048576K
}
Event: 173.278 GC heap before
{Heap before GC invocations=49 (full 0):
 garbage-first heap   total 148480K, used 125189K [0x0000000080000000, 0x0000000100000000)
  region size 1024K, 81 young (82944K), 6 survivors (6144K)
 Metaspace       used 70124K, committed 70592K, reserved 1114112K
  class space    used 8962K, committed 9152K, reserved 1048576K
}
Event: 173.286 GC heap after
{Heap after GC invocations=50 (full 0):
 garbage-first heap   total 148480K, used 49901K [0x0000000080000000, 0x0000000100000000)
  region size 1024K, 6 young (6144K), 6 survivors (6144K)
 Metaspace       used 70124K, committed 70592K, reserved 1114112K
  class space    used 8962K, committed 9152K, reserved 1048576K
}
Event: 173.912 GC heap before
{Heap before GC invocations=50 (full 0):
 garbage-first heap   total 148480K, used 126701K [0x0000000080000000, 0x0000000100000000)
  region size 1024K, 81 young (82944K), 6 survivors (6144K)
 Metaspace       used 70149K, committed 70592K, reserved 1114112K
  class space    used 8962K, committed 9152K, reserved 1048576K
}
Event: 173.919 GC heap after
{Heap after GC invocations=51 (full 0):
 garbage-first heap   total 148480K, used 49427K [0x0000000080000000, 0x0000000100000000)
  region size 1024K, 6 young (6144K), 6 survivors (6144K)
 Metaspace       used 70149K, committed 70592K, reserved 1114112K
  class space    used 8962K, committed 9152K, reserved 1048576K
}
Event: 174.397 GC heap before
{Heap before GC invocations=51 (full 0):
 garbage-first heap   total 148480K, used 125203K [0x0000000080000000, 0x0000000100000000)
  region size 1024K, 81 young (82944K), 6 survivors (6144K)
 Metaspace       used 70164K, committed 70592K, reserved 1114112K
  class space    used 8962K, committed 9152K, reserved 1048576K
}

Dll operation events (3 events):
Event: 0.050 Loaded shared library C:\Program Files\Android\Android Studio\jbr\bin\java.dll
Event: 0.306 Loaded shared library C:\Program Files\Android\Android Studio\jbr\bin\zip.dll
Event: 1.255 Loaded shared library C:\Program Files\Android\Android Studio\jbr\bin\verify.dll

Deoptimization events (20 events):
Event: 171.379 Thread 0x000001b0c6d513c0 Uncommon trap: trap_request=0xffffffc6 fr.pc=0x000001b0b238007c relative=0x0000000000008d1c
Event: 171.379 Thread 0x000001b0c6d513c0 Uncommon trap: reason=bimorphic_or_optimized_type_check action=maybe_recompile pc=0x000001b0b238007c method=org.objectweb.asm.ClassReader.readCode(Lorg/objectweb/asm/MethodVisitor;Lorg/objectweb/asm/Context;I)V @ 4257 c2
Event: 171.379 Thread 0x000001b0c6d513c0 DEOPT PACKING pc=0x000001b0b238007c sp=0x0000005a562fcdb0
Event: 171.379 Thread 0x000001b0c6d513c0 DEOPT UNPACKING pc=0x000001b0b18f699d sp=0x0000005a562fcd28 mode 2
Event: 171.382 Thread 0x000001b0c6d513c0 Uncommon trap: trap_request=0xffffffc6 fr.pc=0x000001b0b238007c relative=0x0000000000008d1c
Event: 171.382 Thread 0x000001b0c6d513c0 Uncommon trap: reason=bimorphic_or_optimized_type_check action=maybe_recompile pc=0x000001b0b238007c method=org.objectweb.asm.ClassReader.readCode(Lorg/objectweb/asm/MethodVisitor;Lorg/objectweb/asm/Context;I)V @ 4257 c2
Event: 171.382 Thread 0x000001b0c6d513c0 DEOPT PACKING pc=0x000001b0b238007c sp=0x0000005a562fcdb0
Event: 171.382 Thread 0x000001b0c6d513c0 DEOPT UNPACKING pc=0x000001b0b18f699d sp=0x0000005a562fcd28 mode 2
Event: 171.382 Thread 0x000001b0c6d513c0 Uncommon trap: trap_request=0xffffffc6 fr.pc=0x000001b0b238007c relative=0x0000000000008d1c
Event: 171.382 Thread 0x000001b0c6d513c0 Uncommon trap: reason=bimorphic_or_optimized_type_check action=maybe_recompile pc=0x000001b0b238007c method=org.objectweb.asm.ClassReader.readCode(Lorg/objectweb/asm/MethodVisitor;Lorg/objectweb/asm/Context;I)V @ 4257 c2
Event: 171.382 Thread 0x000001b0c6d513c0 DEOPT PACKING pc=0x000001b0b238007c sp=0x0000005a562fcdb0
Event: 171.382 Thread 0x000001b0c6d513c0 DEOPT UNPACKING pc=0x000001b0b18f699d sp=0x0000005a562fcd28 mode 2
Event: 171.383 Thread 0x000001b0c6d513c0 Uncommon trap: trap_request=0xffffffc6 fr.pc=0x000001b0b238007c relative=0x0000000000008d1c
Event: 171.383 Thread 0x000001b0c6d513c0 Uncommon trap: reason=bimorphic_or_optimized_type_check action=maybe_recompile pc=0x000001b0b238007c method=org.objectweb.asm.ClassReader.readCode(Lorg/objectweb/asm/MethodVisitor;Lorg/objectweb/asm/Context;I)V @ 4257 c2
Event: 171.383 Thread 0x000001b0c6d513c0 DEOPT PACKING pc=0x000001b0b238007c sp=0x0000005a562fcdb0
Event: 171.383 Thread 0x000001b0c6d513c0 DEOPT UNPACKING pc=0x000001b0b18f699d sp=0x0000005a562fcd28 mode 2
Event: 173.863 Thread 0x000001b0c6d52700 DEOPT PACKING pc=0x000001b0aa449ee9 sp=0x0000005a561fdfe0
Event: 173.863 Thread 0x000001b0c6d52700 DEOPT UNPACKING pc=0x000001b0b18f7124 sp=0x0000005a561fd560 mode 0
Event: 174.204 Thread 0x000001b0c7727ef0 DEOPT PACKING pc=0x000001b0aa7e30c9 sp=0x0000005a560fe160
Event: 174.204 Thread 0x000001b0c7727ef0 DEOPT UNPACKING pc=0x000001b0b18f7124 sp=0x0000005a560fd600 mode 0

Classes unloaded (10 events):
Event: 18.409 Thread 0x000001b0c041bf50 Unloading class 0x00000001005ec820 '_BuildScript_$_run_closure1$_closure2$_closure3'
Event: 18.410 Thread 0x000001b0c041bf50 Unloading class 0x00000001005ec410 '_BuildScript_$_run_closure1$_closure2'
Event: 18.410 Thread 0x000001b0c041bf50 Unloading class 0x00000001005ec000 '_BuildScript_$_run_closure1'
Event: 18.410 Thread 0x000001b0c041bf50 Unloading class 0x00000001005e4000 '_BuildScript_'
Event: 23.379 Thread 0x000001b0c041bf50 Unloading class 0x00000001006ad410 '_BuildScript_$_run_closure1$_closure2'
Event: 23.380 Thread 0x000001b0c041bf50 Unloading class 0x00000001006ad000 '_BuildScript_$_run_closure1'
Event: 23.380 Thread 0x000001b0c041bf50 Unloading class 0x00000001006ac800 '_BuildScript_'
Event: 23.382 Thread 0x000001b0c041bf50 Unloading class 0x0000000100698968 '_BuildScript_$_run_closure1$_closure2'
Event: 23.382 Thread 0x000001b0c041bf50 Unloading class 0x0000000100698558 '_BuildScript_$_run_closure1'
Event: 23.382 Thread 0x000001b0c041bf50 Unloading class 0x0000000100698000 '_BuildScript_'

Classes redefined (0 events):
No events

Internal exceptions (20 events):
Event: 171.192 Thread 0x000001b0c6d52700 Exception <a 'sun/nio/fs/WindowsException'{0x0000000086cac740}> (0x0000000086cac740) 
thrown [s\src\hotspot\share\prims\jni.cpp, line 517]
Event: 171.208 Thread 0x000001b0c6d52700 Exception <a 'sun/nio/fs/WindowsException'{0x0000000086cac9b8}> (0x0000000086cac9b8) 
thrown [s\src\hotspot\share\prims\jni.cpp, line 517]
Event: 171.256 Thread 0x000001b0c6d52700 Exception <a 'sun/nio/fs/WindowsException'{0x0000000086cb2280}> (0x0000000086cb2280) 
thrown [s\src\hotspot\share\prims\jni.cpp, line 517]
Event: 172.699 Thread 0x000001b0c6d52700 Exception <a 'sun/nio/fs/WindowsException'{0x0000000086cbe9a8}> (0x0000000086cbe9a8) 
thrown [s\src\hotspot\share\prims\jni.cpp, line 517]
Event: 172.702 Thread 0x000001b0c6d52700 Exception <a 'sun/nio/fs/WindowsException'{0x0000000086cbec00}> (0x0000000086cbec00) 
thrown [s\src\hotspot\share\prims\jni.cpp, line 517]
Event: 172.780 Thread 0x000001b0c6d52700 Exception <a 'sun/nio/fs/WindowsException'{0x0000000086cc4468}> (0x0000000086cc4468) 
thrown [s\src\hotspot\share\prims\jni.cpp, line 517]
Event: 173.290 Thread 0x000001b0c6d52700 Exception <a 'sun/nio/fs/WindowsException'{0x0000000089088418}> (0x0000000089088418) 
thrown [s\src\hotspot\share\prims\jni.cpp, line 517]
Event: 173.296 Thread 0x000001b0c6d52700 Exception <a 'sun/nio/fs/WindowsException'{0x0000000089088680}> (0x0000000089088680) 
thrown [s\src\hotspot\share\prims\jni.cpp, line 517]
Event: 173.383 Thread 0x000001b0c6d52700 Exception <a 'sun/nio/fs/WindowsException'{0x000000008908dec8}> (0x000000008908dec8) 
thrown [s\src\hotspot\share\prims\jni.cpp, line 517]
Event: 173.604 Thread 0x000001b0c6d52700 Exception <a 'sun/nio/fs/WindowsException'{0x00000000868b0b28}> (0x00000000868b0b28) 
thrown [s\src\hotspot\share\prims\jni.cpp, line 517]
Event: 173.611 Thread 0x000001b0c6d52700 Exception <a 'sun/nio/fs/WindowsException'{0x00000000868b0d80}> (0x00000000868b0d80) 
thrown [s\src\hotspot\share\prims\jni.cpp, line 517]
Event: 173.711 Thread 0x000001b0c6d52700 Exception <a 'sun/nio/fs/WindowsException'{0x00000000868b66b0}> (0x00000000868b66b0) 
thrown [s\src\hotspot\share\prims\jni.cpp, line 517]
Event: 173.742 Thread 0x000001b0c6d52700 Exception <a 'sun/nio/fs/WindowsException'{0x000000008591a848}> (0x000000008591a848) 
thrown [s\src\hotspot\share\prims\jni.cpp, line 517]
Event: 173.760 Thread 0x000001b0c6d52700 Exception <a 'sun/nio/fs/WindowsException'{0x000000008591aac0}> (0x000000008591aac0) 
thrown [s\src\hotspot\share\prims\jni.cpp, line 517]
Event: 173.839 Thread 0x000001b0c6d52700 Exception <a 'sun/nio/fs/WindowsException'{0x0000000085920388}> (0x0000000085920388) 
thrown [s\src\hotspot\share\prims\jni.cpp, line 517]
Event: 173.853 Thread 0x000001b0c7727ef0 Exception <a 'sun/nio/fs/WindowsException'{0x0000000084eae130}> (0x0000000084eae130) 
thrown [s\src\hotspot\share\prims\jni.cpp, line 517]
Event: 173.874 Thread 0x000001b0c7727ef0 Exception <a 'sun/nio/fs/WindowsException'{0x0000000084eae398}> (0x0000000084eae398) 
thrown [s\src\hotspot\share\prims\jni.cpp, line 517]
Event: 173.900 Thread 0x000001b0c7727ef0 Exception <a 'sun/nio/fs/WindowsException'{0x0000000084eb3c00}> (0x0000000084eb3c00) 
thrown [s\src\hotspot\share\prims\jni.cpp, line 517]
Event: 174.367 Thread 0x000001b0c7727ef0 Exception <a 'sun/nio/fs/WindowsException'{0x0000000084a56758}> (0x0000000084a56758) 
thrown [s\src\hotspot\share\prims\jni.cpp, line 517]
Event: 174.395 Thread 0x000001b0c7727ef0 Exception <a 'sun/nio/fs/WindowsException'{0x0000000084a569c0}> (0x0000000084a569c0) 
thrown [s\src\hotspot\share\prims\jni.cpp, line 517]

VM Operations (20 events):
Event: 168.432 Executing VM operation: Cleanup done
Event: 168.768 Executing VM operation: G1CollectForAllocation
Event: 169.028 Executing VM operation: G1CollectForAllocation done
Event: 170.018 Executing VM operation: HandshakeAllThreads
Event: 170.019 Executing VM operation: HandshakeAllThreads done
Event: 170.050 Executing VM operation: HandshakeAllThreads
Event: 170.064 Executing VM operation: HandshakeAllThreads done
Event: 170.064 Executing VM operation: Cleanup
Event: 170.064 Executing VM operation: Cleanup done
Event: 171.076 Executing VM operation: Cleanup
Event: 171.101 Executing VM operation: Cleanup done
Event: 172.101 Executing VM operation: Cleanup
Event: 172.104 Executing VM operation: Cleanup done
Event: 172.128 Executing VM operation: G1CollectForAllocation
Event: 172.267 Executing VM operation: G1CollectForAllocation done
Event: 173.278 Executing VM operation: G1CollectForAllocation
Event: 173.287 Executing VM operation: G1CollectForAllocation done
Event: 173.912 Executing VM operation: G1CollectForAllocation
Event: 173.920 Executing VM operation: G1CollectForAllocation done
Event: 174.397 Executing VM operation: G1CollectForAllocation

Events (20 events):
Event: 61.532 Thread 0x000001b0c07110a0 flushing nmethod 0x000001b0ab1d7d10
Event: 61.532 Thread 0x000001b0c07110a0 flushing nmethod 0x000001b0ab1d8910
Event: 61.532 Thread 0x000001b0c07110a0 flushing nmethod 0x000001b0ab1d8e90
Event: 61.533 Thread 0x000001b0c07110a0 flushing nmethod 0x000001b0ab220990
Event: 61.533 Thread 0x000001b0c07110a0 flushing nmethod 0x000001b0ab228490
Event: 61.533 Thread 0x000001b0c07110a0 flushing nmethod 0x000001b0ab239e10
Event: 61.534 Thread 0x000001b0c07110a0 flushing nmethod 0x000001b0ab333510
Event: 61.534 Thread 0x000001b0c07110a0 flushing nmethod 0x000001b0ab356f10
Event: 61.535 Thread 0x000001b0c07110a0 flushing nmethod 0x000001b0ab3e5690
Event: 61.535 Thread 0x000001b0c07110a0 flushing nmethod 0x000001b0ab3ec510
Event: 61.536 Thread 0x000001b0c07110a0 flushing nmethod 0x000001b0ab43f710
Event: 61.536 Thread 0x000001b0c07110a0 flushing nmethod 0x000001b0ab491010
Event: 61.536 Thread 0x000001b0c07110a0 flushing nmethod 0x000001b0ab4a3010
Event: 61.537 Thread 0x000001b0c07110a0 flushing nmethod 0x000001b0ab4adf90
Event: 61.537 Thread 0x000001b0c07110a0 flushing nmethod 0x000001b0ab4afa90
Event: 61.537 Thread 0x000001b0c07110a0 flushing nmethod 0x000001b0ab4d3f10
Event: 61.537 Thread 0x000001b0c07110a0 flushing nmethod 0x000001b0ab553610
Event: 64.579 loading class jdk/internal/misc/ScopedMemoryAccess$Scope$Handle
Event: 65.055 loading class jdk/internal/misc/ScopedMemoryAccess$Scope$Handle done
Event: 69.283 Thread 0x000001b0c5e879f0 Thread exited: 0x000001b0c5e879f0


Dynamic libraries:
0x00007ff602070000 - 0x00007ff60207a000 	C:\Program Files\Android\Android Studio\jbr\bin\java.exe
0x00007ffd4e0b0000 - 0x00007ffd4e2c7000 	C:\WINDOWS\SYSTEM32\ntdll.dll
0x00007ffd4d010000 - 0x00007ffd4d0d4000 	C:\WINDOWS\System32\KERNEL32.DLL
0x00007ffd4b8c0000 - 0x00007ffd4bc66000 	C:\WINDOWS\System32\KERNELBASE.dll
0x00007ffd4b5e0000 - 0x00007ffd4b6f1000 	C:\WINDOWS\System32\ucrtbase.dll
0x00007ffd38e30000 - 0x00007ffd38e47000 	C:\Program Files\Android\Android Studio\jbr\bin\jli.dll
0x00007ffd39160000 - 0x00007ffd3917b000 	C:\Program Files\Android\Android Studio\jbr\bin\VCRUNTIME140.dll
0x00007ffd4cca0000 - 0x00007ffd4ce4e000 	C:\WINDOWS\System32\USER32.dll
0x00007ffd4b820000 - 0x00007ffd4b846000 	C:\WINDOWS\System32\win32u.dll
0x00007ffd4d1a0000 - 0x00007ffd4d1c9000 	C:\WINDOWS\System32\GDI32.dll
0x00007ffd4b700000 - 0x00007ffd4b818000 	C:\WINDOWS\System32\gdi32full.dll
0x00007ffd28440000 - 0x00007ffd286d3000 	C:\WINDOWS\WinSxS\amd64_microsoft.windows.common-controls_6595b64144ccf1df_6.0.22621.2506_none_270c5ae97388e100\COMCTL32.dll
0x00007ffd4bd60000 - 0x00007ffd4bdfa000 	C:\WINDOWS\System32\msvcp_win.dll
0x00007ffd4df30000 - 0x00007ffd4dfd7000 	C:\WINDOWS\System32\msvcrt.dll
0x00007ffd4c7a0000 - 0x00007ffd4c7d1000 	C:\WINDOWS\System32\IMM32.DLL
0x00007ffd38e10000 - 0x00007ffd38e1c000 	C:\Program Files\Android\Android Studio\jbr\bin\vcruntime140_1.dll
0x00007ffd38540000 - 0x00007ffd385cd000 	C:\Program Files\Android\Android Studio\jbr\bin\msvcp140.dll
0x00007ffcd1f90000 - 0x00007ffcd2c10000 	C:\Program Files\Android\Android Studio\jbr\bin\server\jvm.dll
0x00007ffd4cb00000 - 0x00007ffd4cbb3000 	C:\WINDOWS\System32\ADVAPI32.dll
0x00007ffd4de00000 - 0x00007ffd4dea8000 	C:\WINDOWS\System32\sechost.dll
0x00007ffd4bd30000 - 0x00007ffd4bd58000 	C:\WINDOWS\System32\bcrypt.dll
0x00007ffd4dbe0000 - 0x00007ffd4dcf7000 	C:\WINDOWS\System32\RPCRT4.dll
0x00007ffd41c80000 - 0x00007ffd41cb4000 	C:\WINDOWS\SYSTEM32\WINMM.dll
0x00007ffd423d0000 - 0x00007ffd423da000 	C:\WINDOWS\SYSTEM32\VERSION.dll
0x00007ffd42c90000 - 0x00007ffd42c99000 	C:\WINDOWS\SYSTEM32\WSOCK32.dll
0x00007ffd4deb0000 - 0x00007ffd4df21000 	C:\WINDOWS\System32\WS2_32.dll
0x00007ffd4a3f0000 - 0x00007ffd4a408000 	C:\WINDOWS\SYSTEM32\kernel.appcore.dll
0x00007ffd428a0000 - 0x00007ffd428aa000 	C:\Program Files\Android\Android Studio\jbr\bin\jimage.dll
0x00007ffd48d30000 - 0x00007ffd48f63000 	C:\WINDOWS\SYSTEM32\DBGHELP.DLL
0x00007ffd4c410000 - 0x00007ffd4c799000 	C:\WINDOWS\System32\combase.dll
0x00007ffd4cbc0000 - 0x00007ffd4cc97000 	C:\WINDOWS\System32\OLEAUT32.dll
0x00007ffd2b790000 - 0x00007ffd2b7c2000 	C:\WINDOWS\SYSTEM32\dbgcore.DLL
0x00007ffd4b560000 - 0x00007ffd4b5da000 	C:\WINDOWS\System32\bcryptPrimitives.dll
0x00007ffd38e50000 - 0x00007ffd38e5e000 	C:\Program Files\Android\Android Studio\jbr\bin\instrument.dll
0x00007ffd39130000 - 0x00007ffd39155000 	C:\Program Files\Android\Android Studio\jbr\bin\java.dll
0x00007ffd42880000 - 0x00007ffd42898000 	C:\Program Files\Android\Android Studio\jbr\bin\zip.dll
0x00007ffd4d1d0000 - 0x00007ffd4da2b000 	C:\WINDOWS\System32\SHELL32.dll
0x00007ffd49300000 - 0x00007ffd49bf6000 	C:\WINDOWS\SYSTEM32\windows.storage.dll
0x00007ffd491c0000 - 0x00007ffd492fe000 	C:\WINDOWS\SYSTEM32\wintypes.dll
0x00007ffd4dd00000 - 0x00007ffd4ddf3000 	C:\WINDOWS\System32\SHCORE.dll
0x00007ffd4be10000 - 0x00007ffd4be6e000 	C:\WINDOWS\System32\shlwapi.dll
0x00007ffd4b320000 - 0x00007ffd4b346000 	C:\WINDOWS\SYSTEM32\profapi.dll
0x00007ffd39110000 - 0x00007ffd39129000 	C:\Program Files\Android\Android Studio\jbr\bin\net.dll
0x00007ffd419f0000 - 0x00007ffd41b27000 	C:\WINDOWS\SYSTEM32\WINHTTP.dll
0x00007ffd4a860000 - 0x00007ffd4a8c9000 	C:\WINDOWS\system32\mswsock.dll
0x00007ffd390f0000 - 0x00007ffd39106000 	C:\Program Files\Android\Android Studio\jbr\bin\nio.dll
0x00007ffd38f40000 - 0x00007ffd38f50000 	C:\Program Files\Android\Android Studio\jbr\bin\verify.dll
0x00007ffd38890000 - 0x00007ffd388b7000 	C:\Users\eduar\StudioProjects\PrograII-2024-KM\CalculadoraBasica\.gradle\native\68d5fa5c4cc2d200863cafc0d521ce42e7d3e7ee720ec0a83991735586a16f82\windows-amd64\native-platform.dll
0x00007ffd15970000 - 0x00007ffd15ab4000 	C:\Users\eduar\StudioProjects\PrograII-2024-KM\CalculadoraBasica\.gradle\native\e376f236ea51e6404a007f0833ffe2c6e607c4080706a723a18a27aeea778392\windows-amd64\native-platform-file-events.dll
0x00007ffd38ee0000 - 0x00007ffd38ee9000 	C:\Program Files\Android\Android Studio\jbr\bin\management.dll
0x00007ffd38e60000 - 0x00007ffd38e6b000 	C:\Program Files\Android\Android Studio\jbr\bin\management_ext.dll
0x00007ffd4d0e0000 - 0x00007ffd4d0e8000 	C:\WINDOWS\System32\PSAPI.DLL
0x00007ffd4abb0000 - 0x00007ffd4abcb000 	C:\WINDOWS\SYSTEM32\CRYPTSP.dll
0x00007ffd4a350000 - 0x00007ffd4a385000 	C:\WINDOWS\system32\rsaenh.dll
0x00007ffd4a900000 - 0x00007ffd4a92c000 	C:\WINDOWS\SYSTEM32\USERENV.dll
0x00007ffd4ab90000 - 0x00007ffd4ab9c000 	C:\WINDOWS\SYSTEM32\CRYPTBASE.dll
0x00007ffd49ea0000 - 0x00007ffd49ecd000 	C:\WINDOWS\SYSTEM32\IPHLPAPI.DLL
0x00007ffd4c910000 - 0x00007ffd4c919000 	C:\WINDOWS\System32\NSI.dll
0x00007ffd419a0000 - 0x00007ffd419b9000 	C:\WINDOWS\SYSTEM32\dhcpcsvc6.DLL
0x00007ffd41980000 - 0x00007ffd4199f000 	C:\WINDOWS\SYSTEM32\dhcpcsvc.DLL
0x00007ffd49ed0000 - 0x00007ffd49fc9000 	C:\WINDOWS\SYSTEM32\DNSAPI.dll
0x00007ffd39590000 - 0x00007ffd39598000 	C:\WINDOWS\system32\wshunix.dll
0x00007ffd399e0000 - 0x00007ffd399ea000 	C:\Windows\System32\rasadhlp.dll
0x00007ffd40ee0000 - 0x00007ffd40f63000 	C:\WINDOWS\System32\fwpuclnt.dll

dbghelp: loaded successfully - version: 4.0.5 - missing functions: none
symbol engine: initialized successfully - sym options: 0x614 - pdb path: .;C:\Program Files\Android\Android Studio\jbr\bin;C:\WINDOWS\SYSTEM32;C:\WINDOWS\WinSxS\amd64_microsoft.windows.common-controls_6595b64144ccf1df_6.0.22621.2506_none_270c5ae97388e100;C:\Program Files\Android\Android Studio\jbr\bin\server;C:\Users\eduar\StudioProjects\PrograII-2024-KM\CalculadoraBasica\.gradle\native\68d5fa5c4cc2d200863cafc0d521ce42e7d3e7ee720ec0a83991735586a16f82\windows-amd64;C:\Users\eduar\StudioProjects\PrograII-2024-KM\CalculadoraBasica\.gradle\native\e376f236ea51e6404a007f0833ffe2c6e607c4080706a723a18a27aeea778392\windows-amd64

VM Arguments:
jvm_args: --add-opens=java.base/java.util=ALL-UNNAMED --add-opens=java.base/java.lang=ALL-UNNAMED --add-opens=java.base/java.lang.invoke=ALL-UNNAMED --add-opens=java.prefs/java.util.prefs=ALL-UNNAMED --add-opens=java.base/java.nio.charset=ALL-UNNAMED --add-opens=java.base/java.net=ALL-UNNAMED --add-opens=java.base/java.util.concurrent.atomic=ALL-UNNAMED -Xmx2048m -Dfile.encoding=UTF-8 -Duser.country=AR -Duser.language=es -Duser.variant -javaagent:C:\Users\eduar\StudioProjects\PrograII-2024-KM\CalculadoraBasica\.gradle\wrapper\dists\gradle-8.2-bin\bbg7u40eoinfdyxsxr3z4i7ta\gradle-8.2\lib\agents\gradle-instrumentation-agent-8.2.jar 
java_command: org.gradle.launcher.daemon.bootstrap.GradleDaemon 8.2
java_class_path (initial): C:\Users\eduar\StudioProjects\PrograII-2024-KM\CalculadoraBasica\.gradle\wrapper\dists\gradle-8.2-bin\bbg7u40eoinfdyxsxr3z4i7ta\gradle-8.2\lib\gradle-launcher-8.2.jar
Launcher Type: SUN_STANDARD

[Global flags]
     intx CICompilerCount                          = 3                                         {product} {ergonomic}
     uint ConcGCThreads                            = 1                                         {product} {ergonomic}
     uint G1ConcRefinementThreads                  = 4                                         {product} {ergonomic}
   size_t G1HeapRegionSize                         = 1048576                                   {product} {ergonomic}
    uintx GCDrainStackTargetSize                   = 64                                        {product} {ergonomic}
   size_t InitialHeapSize                          = 31457280                                  {product} {ergonomic}
   size_t MarkStackSize                            = 4194304                                   {product} {ergonomic}
   size_t MaxHeapSize                              = 2147483648                                {product} {command line}
   size_t MaxNewSize                               = 1287651328                                {product} {ergonomic}
   size_t MinHeapDeltaBytes                        = 1048576                                   {product} {ergonomic}
   size_t MinHeapSize                              = 8388608                                   {product} {ergonomic}
    uintx NonNMethodCodeHeapSize                   = 5832780                                {pd product} {ergonomic}
    uintx NonProfiledCodeHeapSize                  = 122912730                              {pd product} {ergonomic}
    uintx ProfiledCodeHeapSize                     = 122912730                              {pd product} {ergonomic}
    uintx ReservedCodeCacheSize                    = 251658240                              {pd product} {ergonomic}
     bool SegmentedCodeCache                       = true                                      {product} {ergonomic}
   size_t SoftMaxHeapSize                          = 2147483648                             {manageable} {ergonomic}
     bool UseCompressedClassPointers               = true                           {product lp64_product} {ergonomic}
     bool UseCompressedOops                        = true                           {product lp64_product} {ergonomic}
     bool UseG1GC                                  = true                                      {product} {ergonomic}
     bool UseLargePagesIndividualAllocation        = false                                  {pd product} {ergonomic}

Logging:
Log output configuration:
 #0: stdout all=warning uptime,level,tags
 #1: stderr all=off uptime,level,tags

Environment Variables:
JAVA_HOME=C:\Users\eduar\OneDrive\Documentos\jdk-20
PATH=C:\WINDOWS\system32;C:\WINDOWS;C:\WINDOWS\System32\Wbem;C:\WINDOWS\System32\WindowsPowerShell\v1.0\;C:\WINDOWS\System32\OpenSSH\;C:\Program Files\Git\cmd;C:\Users\eduar\AppData\Local\Microsoft\WindowsApps;C:\Users\eduar\OneDrive\Documentos\jdk-20\bin;;C:\Program Files\JetBrains\IntelliJ IDEA Community Edition 2022.3.3\bin;
USERNAME=eduar
OS=Windows_NT
PROCESSOR_IDENTIFIER=Intel64 Family 6 Model 122 Stepping 8, GenuineIntel
TMP=C:\Users\eduar\AppData\Local\Temp
TEMP=C:\Users\eduar\AppData\Local\Temp


JNI global refs:
JNI global refs: 26, weak refs: 55

JNI global refs memory usage: 843, weak refs: 841

OOME stack traces (most recent first):
Classloader memory used:
Loader org.gradle.internal.classloader.VisitableURLClassLoader                         : 3977K
Loader bootstrap                                                                       : 3426K
Loader org.gradle.initialization.MixInLegacyTypesClassLoader                           : 1208K
Loader jdk.internal.loader.ClassLoaders$PlatformClassLoader                            : 100K
Loader jdk.internal.loader.ClassLoaders$AppClassLoader                                 : 28345B
Loader jdk.internal.reflect.DelegatingClassLoader                                      : 19758B
Loader org.gradle.groovy.scripts.internal.DefaultScriptCompilationHandler$ScriptClassLoader: 7636B
Loader org.codehaus.groovy.runtime.callsite.CallSiteClassLoader                        : 1988B
Loader groovy.lang.GroovyClassLoader$InnerLoader                                       : 996B

Classes loaded by more than one classloader:
Class org.gradle.internal.installation.GradleInstallation                             : loaded 2 times (x 73B)
Class org.gradle.internal.classpath.ClassPath                                         : loaded 2 times (x 68B)
Class org.gradle.api.internal.classpath.DefaultModuleRegistry                         : loaded 2 times (x 84B)
Class org.gradle.api.Action                                                           : loaded 2 times (x 68B)
Class org.gradle.api.internal.DefaultClassPathProvider                                : loaded 2 times (x 74B)
Class org.gradle.internal.installation.GradleInstallation$1                           : loaded 2 times (x 73B)
Class org.gradle.internal.classloader.FilteringClassLoader                            : loaded 2 times (x 102B)
Class org.gradle.internal.classpath.DefaultClassPath$ImmutableUniqueList$Builder      : loaded 2 times (x 73B)
Class org.gradle.internal.classloader.ClassLoaderVisitor                              : loaded 2 times (x 74B)
Class org.gradle.internal.service.DefaultServiceLocator                               : loaded 2 times (x 81B)
Class org.gradle.internal.service.UnknownServiceException                             : loaded 2 times (x 81B)
Class org.gradle.internal.classloader.DefaultClassLoaderFactory                       : loaded 2 times (x 80B)
Class org.gradle.internal.classloader.VisitableURLClassLoader$Spec                    : loaded 2 times (x 72B)
Class org.gradle.api.GradleException                                                  : loaded 2 times (x 80B)
Class org.gradle.api.internal.classpath.ModuleRegistry                                : loaded 2 times (x 68B)
Class org.gradle.api.internal.ClassPathProvider                                       : loaded 2 times (x 68B)
Class org.gradle.internal.classloader.ClasspathUtil$1                                 : loaded 2 times (x 74B)
Class org.gradle.internal.classloader.ClassLoaderFactory                              : loaded 2 times (x 68B)
Class org.gradle.api.internal.classpath.ManifestUtil                                  : loaded 2 times (x 69B)
Class org.gradle.api.specs.Spec                                                       : loaded 2 times (x 68B)
Class org.gradle.internal.IoActions                                                   : loaded 2 times (x 69B)
Class org.gradle.api.internal.classpath.EffectiveClassPath                            : loaded 2 times (x 88B)
Class settings_19s128pi0e6bjei82l0lybh0g                                              : loaded 2 times (x 177B)
Class org.gradle.internal.installation.CurrentGradleInstallation                      : loaded 2 times (x 71B)
Class org.gradle.internal.agents.InstrumentingClassLoader                             : loaded 2 times (x 68B)
Class org.gradle.internal.installation.CurrentGradleInstallationLocator               : loaded 2 times (x 69B)
Class org.gradle.api.internal.classpath.Module                                        : loaded 2 times (x 68B)
Class org.gradle.internal.service.CachingServiceLocator                               : loaded 2 times (x 80B)
Class org.gradle.internal.classpath.DefaultClassPath                                  : loaded 2 times (x 88B)
Class org.gradle.internal.classloader.SystemClassLoaderSpec                           : loaded 2 times (x 69B)
Class org.gradle.api.UncheckedIOException                                             : loaded 2 times (x 80B)
Class org.gradle.internal.classloader.ClasspathUtil                                   : loaded 2 times (x 69B)
Class org.gradle.api.internal.DefaultClassPathRegistry                                : loaded 2 times (x 74B)
Class org.gradle.api.internal.classpath.DefaultModuleRegistry$DefaultModule           : loaded 2 times (x 84B)
Class org.gradle.api.internal.classpath.UnknownModuleException                        : loaded 2 times (x 80B)
Class org.gradle.internal.service.ServiceLookupException                              : loaded 2 times (x 80B)
Class org.gradle.cache.GlobalCache                                                    : loaded 2 times (x 68B)
Class [Lorg.gradle.api.internal.ClassPathProvider;                                    : loaded 2 times (x 67B)
Class org.gradle.util.internal.GUtil                                                  : loaded 2 times (x 69B)
Class org.gradle.internal.classloader.ClassLoaderSpec                                 : loaded 2 times (x 69B)
Class settings_19s128pi0e6bjei82l0lybh0g$_run_closure1$_closure2                      : loaded 2 times (x 134B)
Class org.gradle.internal.classloader.VisitableURLClassLoader                         : loaded 2 times (x 114B)
Class org.gradle.internal.Cast                                                        : loaded 2 times (x 69B)
Class settings_19s128pi0e6bjei82l0lybh0g$_run_closure1                                : loaded 2 times (x 134B)
Class org.gradle.api.internal.ClassPathRegistry                                       : loaded 2 times (x 68B)
Class org.gradle.internal.classloader.VisitableURLClassLoader$InstrumentingVisitableURLClassLoader: loaded 2 times (x 120B)
Class org.gradle.internal.classloader.ClassLoaderHierarchy                            : loaded 2 times (x 68B)
Class org.gradle.internal.InternalTransformer                                         : loaded 2 times (x 68B)
Class org.gradle.internal.service.ServiceLocator                                      : loaded 2 times (x 68B)
Class org.gradle.internal.classpath.DefaultClassPath$ImmutableUniqueList              : loaded 2 times (x 159B)
Class org.gradle.internal.classpath.TransformedClassPath                              : loaded 2 times (x 94B)


---------------  S Y S T E M  ---------------

OS:
 Windows 11 , 64 bit Build 22621 (10.0.22621.3085)
OS uptime: 0 days 5:11 hours
Hyper-V role detected

CPU: total 4 (initial active 4) (4 cores per cpu, 1 threads per core) family 6 model 122 stepping 8 microcode 0x20, cx8, cmov, fxsr, mmx, 3dnowpref, sse, sse2, sse3, ssse3, sse4.1, sse4.2, popcnt, tsc, tscinvbit, aes, erms, clmul, sha, clflush, clflushopt, hv

Memory: 4k page, system-wide physical 1868M (123M free)
TotalPageFile size 7500M (AvailPageFile size 18M)
current process WorkingSet (physical memory assigned to process): 193M, peak: 200M
current process commit charge ("private bytes"): 374M, peak: 404M

vm_info: OpenJDK 64-Bit Server VM (17.0.7+0-b2043.56-10550314) for windows-amd64 JRE (17.0.7+0-b2043.56-10550314), built on Jul 24 2023 18:27:45 by "androidbuild" with MS VC++ 16.10 / 16.11 (VS2019)

END.
